Contributing types: Preferences}
{"logTime": "0506/154459", "correlationVector":"WJ8axU7clCnkZflAGU1CHj.1","action":"SyncServerConnectionManagerRequest", "result":"SYNC_SERVER_OK", "context":{"environment":"Prod_SoutheastAsia_000j", "migrationStage":"NotStarted", "server":"GENERAL01000015"}}
{"logTime": "0506/154459", "correlationVector":"WJ8axU7clCnkZflAGU1CHj.2","action":"Commit Response", "result":"Success", "context":Result: Success. cV=WJ8axU7clCnkZflAGU1CHj.0;server=GENERAL01000015;cloudType=Consumer;environment=Prod_SoutheastAsia_000j;migrationStage=NotStarted}
{"logTime": "0506/154459", "correlationVector":"20EM4suqIriBIkvJ5PE6+f","action":"Normal GetUpdate request", "result":"", "context":cV=20EM4suqIriBIkvJ5PE6+f
Notified types: Preferences}
{"logTime": "0506/154459", "correlationVector":"20EM4suqIriBIkvJ5PE6+f.1","action":"SyncServerConnectionManagerRequest", "result":"SYNC_SERVER_OK", "context":{"environment":"Prod_SoutheastAsia_000j", "migrationStage":"NotStarted", "server":"GENERAL01000015"}}
{"logTime": "0506/154459", "correlationVector":"20EM4suqIriBIkvJ5PE6+f.2","action":"GetUpdates Response", "result":"Success", "context":Received 3 update(s). cV=20EM4suqIriBIkvJ5PE6+f.0;server=GENERAL01000015;cloudType=Consumer;environment=Prod_SoutheastAsia_000j;migrationStage=NotStarted}
{"logTime": "0506/154916", "correlationVector":"otJqGRuZySjhQWZS1b2FTi","action":"Normal GetUpdate request", "result":"", "context":cV=otJqGRuZySjhQWZS1b2FTi
Refresh requested types: Bookmarks, Preferences, Passwords, Autofill Profiles, Autofill, Typed URLs, Extensions, Sessions, Extension settings, History Delete Directives, Device Info, User Consents, Send Tab To Self, Web Apps, Collection, Edge E Drop, Edge Hub App Usage, Edge Tab Group, Edge Wallet, Encryption Keys}
{"logTime": "0506/154916", "correlationVector":"otJqGRuZySjhQWZS1b2FTi.1","action":"SyncServerConnectionManagerRequest", "result":"SYNC_SERVER_OK", "context":{"environment":"Prod_SoutheastAsia_000j", "migrationStage":"NotStarted", "server":"GENERAL0300001C"}}
{"logTime": "0506/154916", "correlationVector":"otJqGRuZySjhQWZS1b2FTi.2","action":"GetUpdates Response", "result":"Success", "context":Received 0 update(s). cV=otJqGRuZySjhQWZS1b2FTi.0;server=GENERAL0300001C;cloudType=Consumer;environment=Prod_SoutheastAsia_000j;migrationStage=NotStarted}
{"logTime": "0506/155037", "correlationVector":"Gc6UzA2anteXlgF0+Lq2PD","action":"Normal GetUpdate request", "result":"", "context":cV=Gc6UzA2anteXlgF0+Lq2PD
Notified types: Preferences}
{"logTime": "0506/155038", "correlationVector":"Gc6UzA2anteXlgF0+Lq2PD.1","action":"SyncServerConnectionManagerRequest", "result":"SYNC_SERVER_OK", "context":{"environment":"Prod_SoutheastAsia_000j", "migrationStage":"NotStarted", "server":"GENERAL01000012"}}
{"logTime": "0506/155038", "correlationVector":"Gc6UzA2anteXlgF0+Lq2PD.2","action":"GetUpdates Response", "result":"Success", "context":Received 1 update(s). cV=Gc6UzA2anteXlgF0+Lq2PD.0;server=GENERAL01000012;cloudType=Consumer;environment=Prod_SoutheastAsia_000j;migrationStage=NotStarted}
{"logTime": "0506/160853", "correlationVector":"6r+F7REOWaBeFcoATkRWek.1","action":"SyncServerConnectionManagerRequest", "result":"SYNC_SERVER_OK", "context":{"environment":"Prod_SoutheastAsia_000j", "migrationStage":"NotStarted", "server":"general03000024"}}
{"logTime": "0506/160853", "correlationVector":"6r+F7REOWaBeFcoATkRWek","action":"Initial GetUpdates", "result":"", "context":Reason: NEW_CLIENT. cV=6r+F7REOWaBeFcoATkRWek}
{"logTime": "0506/160853", "correlationVector":"6r+F7REOWaBeFcoATkRWek.2","action":"GetUpdates Response", "result":"Success", "context":Received 1 update(s). cV=6r+F7REOWaBeFcoATkRWek.0;server=general03000024;cloudType=Consumer;environment=Prod_SoutheastAsia_000j;migrationStage=NotStarted}
{"logTime": "0506/160853", "correlationVector":"/rEshJH5lnATUquni8yYxu","action":"Initial GetUpdates", "result":"", "context":Reason: NEWLY_SUPPORTED_DATATYPE. cV=/rEshJH5lnATUquni8yYxu}
{"logTime": "0506/160853", "correlationVector":"/rEshJH5lnATUquni8yYxu.1","action":"SyncServerConnectionManagerRequest", "result":"SYNC_SERVER_OK", "context":{"environment":"Prod_SoutheastAsia_000j", "migrationStage":"NotStarted", "server":"GENERAL0300000N"}}
{"logTime": "0506/160853", "correlationVector":"/rEshJH5lnATUquni8yYxu.2","action":"GetUpdates", "result":"DeleteReceived", "context":{"id":"92a0752f-68ce-44c6-91c3-b9267e0082b8", "isDeleted:":"true", "version":"1700029753387"}}
{"logTime": "0506/160853", "correlationVector":"/rEshJH5lnATUquni8yYxu.3","action":"GetUpdates", "result":"DeleteReceived", "context":{"id":"fcea0be9-9a2c-4c05-b67b-67c542a7e460", "isDeleted:":"true", "version":"1700029759652"}}
{"logTime": "0506/160853", "correlationVector":"/rEshJH5lnATUquni8yYxu.4","action":"GetUpdates", "result":"DeleteReceived", "context":{"id":"c743b41f-caa6-4320-bcba-86956a4d1212", "isDeleted:":"true", "version":"1700029761109"}}
{"logTime": "0506/160853", "correlationVector":"/rEshJH5lnATUquni8yYxu.5","action":"GetUpdates", "result":"DeleteReceived", "context":{"id":"e3633b5b-8510-45a0-bc1d-88dc5c74fd3e", "isDeleted:":"true", "version":"1701326363547"}}
{"logTime": "0506/160853", "correlationVector":"/rEshJH5lnATUquni8yYxu.6","action":"GetUpdates", "result":"DeleteReceived", "context":{"id":"8d797a3d-3624-4542-a212-92578f7be1b5", "isDeleted:":"true", "version":"1702175212514"}}
{"logTime": "0506/160853", "correlationVector":"/rEshJH5lnATUquni8yYxu.7","action":"GetUpdates", "result":"DeleteReceived", "context":{"id":"c556f04b-e617-481f-8df6-83173e3cf1a6", "isDeleted:":"true", "version":"1702175212518"}}
{"logTime": "0506/160853", "correlationVector":"/rEshJH5lnATUquni8yYxu.8","action":"GetUpdates", "result":"DeleteReceived", "context":{"id":"bfb8de2c-6589-4c0b-b938-872b8ba13d92", "isDeleted:":"true", "version":"1702175212525"}}
{"logTime": "0506/160853", "correlationVector":"/rEshJH5lnATUquni8yYxu.9","action":"GetUpdates", "result":"DeleteReceived", "context":{"id":"d1489a84-cbf1-458d-bd3a-086c2f4034aa", "isDeleted:":"true", "version":"1702175212527"}}
{"logTime": "0506/160853", "correlationVector":"/rEshJH5lnATUquni8yYxu.10","action":"GetUpdates", "result":"DeleteReceived", "context":{"id":"4f8c2425-f5a4-43c7-9bef-257bbb5f6a6e", "isDeleted:":"true", "version":"1702175212529"}}
{"logTime": "0506/160853", "correlationVector":"/rEshJH5lnATUquni8yYxu.11","action":"GetUpdates", "result":"DeleteReceived", "context":{"id":"5b4a4fa9-7ecf-4007-a16b-46fc20a2dbe5", "isDeleted:":"true", "version":"1702175212533"}}
{"logTime": "0506/160853", "correlationVector":"/rEshJH5lnATUquni8yYxu.12","action":"GetUpdates", "result":"DeleteReceived", "context":{"id":"57f23929-c829-49a9-b16b-930cd780c1b8", "isDeleted:":"true", "version":"1702175213769"}}
{"logTime": "0506/160853", "correlationVector":"/rEshJH5lnATUquni8yYxu.13","action":"GetUpdates", "result":"DeleteReceived", "context":{"id":"932b9ad3-2d19-47d5-b2ae-7b83777427d6", "isDeleted:":"true", "version":"1702175213783"}}
{"logTime": "0506/160853", "correlationVector":"/rEshJH5lnATUquni8yYxu.14","action":"GetUpdates", "result":"DeleteReceived", "context":{"id":"79a1e892-277c-4ade-9e23-a3f9b028e290", "isDeleted:":"true", "version":"1702175213784"}}
{"logTime": "0506/160853", "correlationVector":"/rEshJH5lnATUquni8yYxu.15","action":"GetUpdates", "result":"DeleteReceived", "context":{"id":"81c8fb61-4130-467c-a491-c811ea368512", "isDeleted:":"true", "version":"1702175213785"}}
{"logTime": "0506/160853", "correlationVector":"/rEshJH5lnATUquni8yYxu.16","action":"GetUpdates", "result":"DeleteReceived", "context":{"id":"ef3b203c-f4a5-452c-85ca-d3c1eff72ab7", "isDeleted:":"true", "version":"1702175213786"}}
{"logTime": "0506/160853", "correlationVector":"/rEshJH5lnATUquni8yYxu.17","action":"GetUpdates", "result":"DeleteReceived", "context":{"id":"f55897ec-a3fb-4481-8757-5b12711a27fc", "isDeleted:":"true", "version":"1702175214980"}}
{"logTime": "0506/160853", "correlationVector":"/rEshJH5lnATUquni8yYxu.18","action":"GetUpdates", "result":"DeleteReceived", "context":{"id":"7ecaa98c-f3a0-4f7d-8f14-d2bbbaa34271", "isDeleted:":"true", "version":"1702175214983"}}
{"logTime": "0506/160853", "correlationVector":"/rEshJH5lnATUquni8yYxu.19","action":"GetUpdates", "result":"DeleteReceived", "context":{"id":"e5b663e8-0cdb-4d63-b5a2-4c645348bf76", "isDeleted:":"true", "version":"1702175214984"}}
{"logTime": "0506/160853", "correlationVector":"/rEshJH5lnATUquni8yYxu.20","action":"GetUpdates", "result":"DeleteReceived", "context":{"id":"8e4b226f-fbdf-4c8e-a64d-bdc4630611e2", "isDeleted:":"true", "version":"1702175214986"}}
{"logTime": "0506/160853", "correlationVector":"/rEshJH5lnATUquni8yYxu.21","action":"GetUpdates", "result":"DeleteReceived", "context":{"id":"7fbe495a-fe0e-4bf0-b10b-18e3ae76dbd3", "isDeleted:":"true", "version":"1702175214990"}}
{"logTime": "0506/160853", "correlationVector":"/rEshJH5lnATUquni8yYxu.22","action":"GetUpdates", "result":"DeleteReceived", "context":{"id":"3ad3a728-0041-42e7-a893-523295011453", "isDeleted:":"true", "version":"1702175214996"}}
{"logTime": "0506/160853", "correlationVector":"/rEshJH5lnATUquni8yYxu.23","action":"GetUpdates", "result":"DeleteReceived", "context":{"id":"819451d4-8acf-4582-b010-060b80e4d82f", "isDeleted:":"true", "version":"1702175216259"}}
{"logTime": "0506/160853", "correlationVector":"/rEshJH5lnATUquni8yYxu.24","action":"GetUpdates", "result":"DeleteReceived", "context":{"id":"89523bc0-8cf1-4a4e-93fe-8e6be43dca91", "isDeleted:":"true", "version":"1702175216261"}}
{"logTime": "0506/160853", "correlationVector":"/rEshJH5lnATUquni8yYxu.25","action":"GetUpdates", "result":"DeleteReceived", "context":{"id":"69c9b4be-65e4-43e5-9c1c-be28ba2e15f5", "isDeleted:":"true", "version":"1702175216268"}}
{"logTime": "0506/160853", "correlationVector":"/rEshJH5lnATUquni8yYxu.26","action":"GetUpdates", "result":"DeleteReceived", "context":{"id":"a67ba0a0-c6e5-4e4c-b7dd-2e9016a374a4", "isDeleted:":"true", "version":"1702175216269"}}
{"logTime": "0506/160853", "correlationVector":"/rEshJH5lnATUquni8yYxu.27","action":"GetUpdates", "result":"DeleteReceived", "context":{"id":"6f2da8d1-edea-4793-831f-a8b5a2ec3bde", "isDeleted:":"true", "version":"1702175216272"}}
{"logTime": "0506/160853", "correlationVector":"/rEshJH5lnATUquni8yYxu.28","action":"GetUpdates", "result":"DeleteReceived", "context":{"id":"4606b31c-f399-4b75-939e-c0ed545d12fa", "isDeleted:":"true", "version":"1702175216273"}}
{"logTime": "0506/160853", "correlationVector":"/rEshJH5lnATUquni8yYxu.29","action":"GetUpdates", "result":"DeleteReceived", "context":{"id":"579b9629-f2be-4585-adae-f364d7fbbde0", "isDeleted:":"true", "version":"1702175216275"}}
{"logTime": "0506/160853", "correlationVector":"/rEshJH5lnATUquni8yYxu.30","action":"GetUpdates", "result":"DeleteReceived", "context":{"id":"1a19df9e-83e9-4059-8e49-839ef8f244e5", "isDeleted:":"true", "version":"1702175217589"}}
{"logTime": "0506/160853", "correlationVector":"/rEshJH5lnATUquni8yYxu.31","action":"GetUpdates", "result":"DeleteReceived", "context":{"id":"69d52511-80c2-40bc-9467-a72a7536bfb5", "isDeleted:":"true", "version":"1702175217595"}}
{"logTime": "0506/160853", "correlationVector":"/rEshJH5lnATUquni8yYxu.32","action":"GetUpdates", "result":"DeleteReceived", "context":{"id":"67cb1b03-d823-4ae4-bf4f-0fc4257140fb", "isDeleted:":"true", "version":"1702175217598"}}
{"logTime": "0506/160853", "correlationVector":"/rEshJH5lnATUquni8yYxu.33","action":"GetUpdates", "result":"DeleteReceived", "context":{"id":"005107df-ccb5-4a69-8e07-dd2f05226bc2", "isDeleted:":"true", "version":"1702175217601"}}
{"logTime": "0506/160853", "correlationVector":"/rEshJH5lnATUquni8yYxu.34","action":"GetUpdates", "result":"DeleteReceived", "context":{"id":"5ed888cf-0cef-415b-98ea-220e341a2b92", "isDeleted:":"true", "version":"1702175217606"}}
{"logTime": "0506/160853", "correlationVector":"/rEshJH5lnATUquni8yYxu.35","action":"GetUpdates", "result":"DeleteReceived", "context":{"id":"8712c67b-6073-4b23-b7e5-865410699e9f", "isDeleted:":"true", "version":"1702175218896"}}
{"logTime": "0506/160853", "correlationVector":"/rEshJH5lnATUquni8yYxu.36","action":"GetUpdates", "result":"DeleteReceived", "context":{"id":"e7f47b1e-bc47-4e9a-b639-5ba451a726ae", "isDeleted:":"true", "version":"1702175218898"}}
{"logTime": "0506/160853", "correlationVector":"/rEshJH5lnATUquni8yYxu.37","action":"GetUpdates", "result":"DeleteReceived", "context":{"id":"5cba0c73-8621-4254-93aa-81e463a3a362", "isDeleted:":"true", "version":"1702175218910"}}
{"logTime": "0506/160853", "correlationVector":"/rEshJH5lnATUquni8yYxu.38","action":"GetUpdates", "result":"DeleteReceived", "context":{"id":"baa0298c-0491-48ff-b929-19cc3abc2dbb", "isDeleted:":"true", "version":"1702175218913"}}
{"logTime": "0506/160853", "correlationVector":"/rEshJH5lnATUquni8yYxu.39","action":"GetUpdates", "result":"DeleteReceived", "context":{"id":"81db49c2-3000-4a3c-aa0a-0f6d6425a14f", "isDeleted:":"true", "version":"1702175220129"}}
{"logTime": "0506/160853", "correlationVector":"/rEshJH5lnATUquni8yYxu.40","action":"GetUpdates", "result":"DeleteReceived", "context":{"id":"413fb8e1-770d-4790-a8eb-a08d2f297cc7", "isDeleted:":"true", "version":"1702175220135"}}
{"logTime": "0506/160853", "correlationVector":"/rEshJH5lnATUquni8yYxu.41","action":"GetUpdates", "result":"DeleteReceived", "context":{"id":"552d7e77-4e14-40a7-a780-fdded4f85336", "isDeleted:":"true", "version":"1702175220140"}}
{"logTime": "0506/160853", "correlationVector":"/rEshJH5lnATUquni8yYxu.42","action":"GetUpdates", "result":"DeleteReceived", "context":{"id":"954b4681-acc4-4ce3-a1b3-2e6c274aeecc", "isDeleted:":"true", "version":"1702175220143"}}
{"logTime": "0506/160853", "correlationVector":"/rEshJH5lnATUquni8yYxu.43","action":"GetUpdates", "result":"DeleteReceived", "context":{"id":"30b9a6ea-6461-4787-9d6d-991e85ea80d1", "isDeleted:":"true", "version":"1702175221359"}}
{"logTime": "0506/160853", "correlationVector":"/rEshJH5lnATUquni8yYxu.44","action":"GetUpdates", "result":"DeleteReceived", "context":{"id":"2de65b88-a2b5-4201-abfd-da93359caa55", "isDeleted:":"true", "version":"1702175221360"}}
{"logTime": "0506/160853", "correlationVector":"/rEshJH5lnATUquni8yYxu.45","action":"GetUpdates", "result":"DeleteReceived", "context":{"id":"41865851-cf6d-4dfd-8736-e8bcc757a480", "isDeleted:":"true", "version":"1702175221361"}}
{"logTime": "0506/160853", "correlationVector":"/rEshJH5lnATUquni8yYxu.46","action":"GetUpdates", "result":"DeleteReceived", "context":{"id":"cf7d4a14-a3ff-41dd-a465-1bb14f91bddf", "isDeleted:":"true", "version":"1702175221363"}}
{"logTime": "0506/160853", "correlationVector":"/rEshJH5lnATUquni8yYxu.47","action":"GetUpdates", "result":"DeleteReceived", "context":{"id":"e1ab0c42-c0f9-492d-91aa-3db02e64933c", "isDeleted:":"true", "version":"1702175221364"}}
{"logTime": "0506/160853", "correlationVector":"/rEshJH5lnATUquni8yYxu.48","action":"GetUpdates", "result":"DeleteReceived", "context":{"id":"a30a37da-f431-43a8-ad92-c311b4fadec6", "isDeleted:":"true", "version":"1702175221366"}}
{"logTime": "0506/160853", "correlationVector":"/rEshJH5lnATUquni8yYxu.49","action":"GetUpdates", "result":"DeleteReceived", "context":{"id":"4486e2f7-2fa4-4d2c-9984-7fd2027b0f05", "isDeleted:":"true", "version":"1702175221370"}}
{"logTime": "0506/160853", "correlationVector":"/rEshJH5lnATUquni8yYxu.50","action":"GetUpdates", "result":"DeleteReceived", "context":{"id":"345d0d35-c6b9-4d2d-988a-cac04a5963e3", "isDeleted:":"true", "version":"1702175221376"}}
{"logTime": "0506/160853", "correlationVector":"/rEshJH5lnATUquni8yYxu.51","action":"GetUpdates", "result":"DeleteReceived", "context":{"id":"be3f426d-aa11-4728-b28d-f0db4575fae8", "isDeleted:":"true", "version":"1702175221377"}}
{"logTime": "0506/160853", "correlationVector":"/rEshJH5lnATUquni8yYxu.52","action":"GetUpdates", "result":"DeleteReceived", "context":{"id":"ab7fc4a7-69c2-469b-8eec-daaf48d41447", "isDeleted:":"true", "version":"1702175222702"}}
{"logTime": "0506/160853", "correlationVector":"/rEshJH5lnATUquni8yYxu.53","action":"GetUpdates", "result":"DeleteReceived", "context":{"id":"51eee6b3-6e53-4b7e-8fb7-d476fa578858", "isDeleted:":"true", "version":"1702175222712"}}
{"logTime": "0506/160853", "correlationVector":"/rEshJH5lnATUquni8yYxu.54","action":"GetUpdates", "result":"DeleteReceived", "context":{"id":"917f0b05-82c0-42e6-a2e5-8ed20dce89c4", "isDeleted:":"true", "version":"1702175222715"}}
{"logTime": "0506/160853", "correlationVector":"/rEshJH5lnATUquni8yYxu.55","action":"GetUpdates", "result":"DeleteReceived", "context":{"id":"683d7134-53f4-4b4e-81b7-b82c025ffda7", "isDeleted:":"true", "version":"1702175224017"}}
{"logTime": "0506/160853", "correlationVector":"/rEshJH5lnATUquni8yYxu.56","action":"GetUpdates", "result":"DeleteReceived", "context":{"id":"295c30c2-70d8-43f4-a9e0-301096566414", "isDeleted:":"true", "version":"1702175224019"}}
{"logTime": "0506/160853", "correlationVector":"/rEshJH5lnATUquni8yYxu.57","action":"GetUpdates", "result":"DeleteReceived", "context":{"id":"e0f96a23-3dae-4d5e-9935-4da5ce782fbe", "isDeleted:":"true", "version":"1702175224022"}}
{"logTime": "0506/160853", "correlationVector":"/rEshJH5lnATUquni8yYxu.58","action":"GetUpdates", "result":"DeleteReceived", "context":{"id":"10a3a920-f750-4642-8099-213fd846c5ce", "isDeleted:":"true", "version":"1702175224025"}}
{"logTime": "0506/160853", "correlationVector":"/rEshJH5lnATUquni8yYxu.59","action":"GetUpdates", "result":"DeleteReceived", "context":{"id":"5505d176-3288-4fc7-afa3-5f03bd06de9f", "isDeleted:":"true", "version":"1702175224027"}}
{"logTime": "0506/160853", "correlationVector":"/rEshJH5lnATUquni8yYxu.60","action":"GetUpdates", "result":"DeleteReceived", "context":{"id":"3b4eb4ba-2ee9-488c-abeb-23aa729e80fd", "isDeleted:":"true", "version":"1702175224028"}}
{"logTime": "0506/160853", "correlationVector":"/rEshJH5lnATUquni8yYxu.61","action":"GetUpdates", "result":"DeleteReceived", "context":{"id":"c42ec264-cf4a-446c-b8c6-df615396efde", "isDeleted:":"true", "version":"1702175224029"}}
{"logTime": "0506/160853", "correlationVector":"/rEshJH5lnATUquni8yYxu.62","action":"GetUpdates", "result":"DeleteReceived", "context":{"id":"d3cdc340-f07a-45a1-bd6d-d7b8b27a758d", "isDeleted:":"true", "version":"1702175225226"}}
{"logTime": "0506/160853", "correlationVector":"/rEshJH5lnATUquni8yYxu.63","action":"GetUpdates", "result":"DeleteReceived", "context":{"id":"29a7c37e-f6d2-4024-92c8-918be0d5df40", "isDeleted:":"true", "version":"1702175225228"}}
{"logTime": "0506/160853", "correlationVector":"/rEshJH5lnATUquni8yYxu.64","action":"GetUpdates", "result":"DeleteReceived", "context":{"id":"56b686f5-1a98-400f-81d3-56a578a7da2d", "isDeleted:":"true", "version":"1702175225230"}}
{"logTime": "0506/160853", "correlationVector":"/rEshJH5lnATUquni8yYxu.65","action":"GetUpdates", "result":"DeleteReceived", "context":{"id":"35b3cde4-cc05-4805-bba7-441d039fb3d0", "isDeleted:":"true", "version":"1702175225233"}}
{"logTime": "0506/160853", "correlationVector":"/rEshJH5lnATUquni8yYxu.66","action":"GetUpdates", "result":"DeleteReceived", "context":{"id":"20270f1e-2a38-4bd1-9fa5-e7ad9e3575a1", "isDeleted:":"true", "version":"1702175225235"}}
{"logTime": "0506/160853", "correlationVector":"/rEshJH5lnATUquni8yYxu.67","action":"GetUpdates", "result":"DeleteReceived", "context":{"id":"1ef0580a-e614-4de2-8414-e00b1937bac9", "isDeleted:":"true", "version":"1702175225236"}}
{"logTime": "0506/160853", "correlationVector":"/rEshJH5lnATUquni8yYxu.68","action":"GetUpdates", "result":"DeleteReceived", "context":{"id":"7672b2d7-cbed-4d46-982c-f2f8afcfb1e3", "isDeleted:":"true", "version":"1702175225243"}}
{"logTime": "0506/160853", "correlationVector":"/rEshJH5lnATUquni8yYxu.69","action":"GetUpdates", "result":"DeleteReceived", "context":{"id":"892eac20-ba9b-4da8-bd2d-82a6d73f2267", "isDeleted:":"true", "version":"1702175226389"}}
{"logTime": "0506/160853", "correlationVector":"/rEshJH5lnATUquni8yYxu.70","action":"GetUpdates", "result":"DeleteReceived", "context":{"id":"1a9d999c-5e0d-4b9e-8037-ce5268d57899", "isDeleted:":"true", "version":"1702175226392"}}
{"logTime": "0506/160853", "correlationVector":"/rEshJH5lnATUquni8yYxu.71","action":"GetUpdates", "result":"DeleteReceived", "context":{"id":"ce48a22d-616e-411d-8616-641cf0e310fd", "isDeleted:":"true", "version":"1702175226395"}}
{"logTime": "0506/160853", "correlationVector":"/rEshJH5lnATUquni8yYxu.72","action":"GetUpdates", "result":"DeleteReceived", "context":{"id":"40b729e2-0dfe-455d-bb69-d98d3f17379f", "isDeleted:":"true", "version":"1702175226396"}}
{"logTime": "0506/160853", "correlationVector":"/rEshJH5lnATUquni8yYxu.73","action":"GetUpdates", "result":"DeleteReceived", "context":{"id":"2add71c5-900c-41cd-8fb9-2d9234de10ef", "isDeleted:":"true", "version":"1702175226399"}}
{"logTime": "0506/160853", "correlationVector":"/rEshJH5lnATUquni8yYxu.74","action":"GetUpdates", "result":"DeleteReceived", "context":{"id":"e8ab85b1-097a-48f6-b229-f6d1fd9a3e37", "isDeleted:":"true", "version":"1702175226401"}}
{"logTime": "0506/160853", "correlationVector":"/rEshJH5lnATUquni8yYxu.75","action":"GetUpdates", "result":"DeleteReceived", "context":{"id":"3d900bbd-e2d3-41af-b1ad-91847300cd48", "isDeleted:":"true", "version":"1702175227525"}}
{"logTime": "0506/160853", "correlationVector":"/rEshJH5lnATUquni8yYxu.76","action":"GetUpdates", "result":"DeleteReceived", "context":{"id":"c8f8f548-eda3-4cf9-8dc8-44b953d83027", "isDeleted:":"true", "version":"1702175227528"}}
{"logTime": "0506/160853", "correlationVector":"/rEshJH5lnATUquni8yYxu.77","action":"GetUpdates", "result":"DeleteReceived", "context":{"id":"a6cf6aaa-6de8-4ccb-8180-39217ff11c64", "isDeleted:":"true", "version":"1705859351074"}}
{"logTime": "0506/160853", "correlationVector":"/rEshJH5lnATUquni8yYxu.78","action":"GetUpdates Response", "result":"Success", "context":Received 250 update(s). cV=/rEshJH5lnATUquni8yYxu.0;server=GENERAL0300000N;cloudType=Consumer;environment=Prod_SoutheastAsia_000j;migrationStage=NotStarted Some updates remain.}
{"logTime": "0506/160853", "correlationVector":"RtzJni7ydt4kf9vBEPCes3","action":"Initial GetUpdates", "result":"", "context":Reason: NEWLY_SUPPORTED_DATATYPE. cV=RtzJni7ydt4kf9vBEPCes3}
{"logTime": "0506/160853", "correlationVector":"RtzJni7ydt4kf9vBEPCes3.1","action":"SyncServerConnectionManagerRequest", "result":"SYNC_SERVER_OK", "context":{"environment":"Prod_SoutheastAsia_000j", "migrationStage":"NotStarted", "server":"GENERAL0100001K"}}
{"logTime": "0506/160853", "correlationVector":"RtzJni7ydt4kf9vBEPCes3.2","action":"GetUpdates Response", "result":"Success", "context":Received 62 update(s). cV=RtzJni7ydt4kf9vBEPCes3.0;server=GENERAL0100001K;cloudType=Consumer;environment=Prod_SoutheastAsia_000j;migrationStage=NotStarted}
{"logTime": "0506/160853", "correlationVector":"y2mdL87cuY8Rl9i2bWskYm","action":"SyncServerConnectionManagerRequest", "result":"SYNC_SERVER_OK", "context":{"environment":"", "migrationStage":"", "server":""}}
{"logTime": "0506/160853", "correlationVector":"kTNVm5jyq9Sx7Kv8NSI3Pj","action":"Initial GetUpdates", "result":"", "context":Reason: NEWLY_SUPPORTED_DATATYPE. cV=kTNVm5jyq9Sx7Kv8NSI3Pj}
{"logTime": "0506/160853", "correlationVector":"kTNVm5jyq9Sx7Kv8NSI3Pj.1","action":"SyncServerConnectionManagerRequest", "result":"SYNC_SERVER_OK", "context":{"environment":"Prod_SoutheastAsia_000j", "migrationStage":"NotStarted", "server":"GENERAL0100000P"}}
{"logTime": "0506/160853", "correlationVector":"kTNVm5jyq9Sx7Kv8NSI3Pj.2","action":"GetUpdates Response", "result":"Success", "context":Received 0 update(s). cV=kTNVm5jyq9Sx7Kv8NSI3Pj.0;server=GENERAL0100000P;cloudType=Consumer;environment=Prod_SoutheastAsia_000j;migrationStage=NotStarted}
{"logTime": "0506/160853", "correlationVector":"qFVB1Dfsv+WKasDlwmoLls","action":"Normal GetUpdate request", "result":"", "context":cV=qFVB1Dfsv+WKasDlwmoLls
Nudged types: Sessions
Refresh requested types: Bookmarks, Preferences, Passwords, Autofill Profiles, Autofill, Typed URLs, Extensions, Sessions, Extension settings, History Delete Directives, Device Info, User Consents, Send Tab To Self, Web Apps, Collection, Edge E Drop, Edge Hub App Usage, Edge Tab Group, Edge Wallet, Encryption Keys}
{"logTime": "0506/160853", "correlationVector":"qFVB1Dfsv+WKasDlwmoLls.1","action":"SyncServerConnectionManagerRequest", "result":"SYNC_SERVER_OK", "context":{"environment":"Prod_SoutheastAsia_000j", "migrationStage":"NotStarted", "server":"general0100001B"}}
{"logTime": "0506/160853", "correlationVector":"qFVB1Dfsv+WKasDlwmoLls.2","action":"GetUpdates Response", "result":"Success", "context":Received 0 update(s). cV=qFVB1Dfsv+WKasDlwmoLls.0;server=general0100001B;cloudType=Consumer;environment=Prod_SoutheastAsia_000j;migrationStage=NotStarted}
{"logTime": "0506/160853", "correlationVector":"oBZKasrkcgmiTIz9lutqUk","action":"Commit Request", "result":"", "context":Item count: 3
Contributing types: Sessions}
{"logTime": "0506/160853", "correlationVector":"oBZKasrkcgmiTIz9lutqUk.1","action":"SyncServerConnectionManagerRequest", "result":"SYNC_SERVER_OK", "context":{"environment":"Prod_SoutheastAsia_000j", "migrationStage":"NotStarted", "server":"general0100000W"}}
{"logTime": "0506/160853", "correlationVector":"oBZKasrkcgmiTIz9lutqUk.2","action":"Commit Response", "result":"Success", "context":Result: Success. cV=oBZKasrkcgmiTIz9lutqUk.0;server=general0100000W;cloudType=Consumer;environment=Prod_SoutheastAsia_000j;migrationStage=NotStarted}
{"logTime": "0506/160853", "correlationVector":"oBZKasrkcgmiTIz9lutqUk.3","action":"Commit.Sessions", "result":"Success", "context":{"id":"d5632a27-a00e-4513-9eba-5f680341a399", "isDeleted":"true", "size":"0", "version":"1715010294776"}}
{"logTime": "0506/160913", "correlationVector":"jAiioIFE2OkPsjRkCUt0+U","action":"Normal GetUpdate request", "result":"", "context":cV=jAiioIFE2OkPsjRkCUt0+U
Nudged types: Sessions}
{"logTime": "0506/160913", "correlationVector":"jAiioIFE2OkPsjRkCUt0+U.1","action":"SyncServerConnectionManagerRequest", "result":"SYNC_SERVER_OK", "context":{"environment":"Prod_SoutheastAsia_000j", "migrationStage":"NotStarted", "server":"GENERAL0100000X"}}
{"logTime": "0506/160913", "correlationVector":"jAiioIFE2OkPsjRkCUt0+U.2","action":"GetUpdates", "result":"DeleteReceived", "context":{"id":"d5632a27-a00e-4513-9eba-5f680341a399", "isDeleted:":"true", "version":"1715011722921"}}
{"logTime": "0506/160913", "correlationVector":"jAiioIFE2OkPsjRkCUt0+U.3","action":"GetUpdates Response", "result":"Success", "context":Received 3 update(s). cV=jAiioIFE2OkPsjRkCUt0+U.0;server=GENERAL0100000X;cloudType=Consumer;environment=Prod_SoutheastAsia_000j;migrationStage=NotStarted}
{"logTime": "0506/160913", "correlationVector":"czETpiVZaYfDBFSW6wwAIM","action":"Commit Request", "result":"", "context":Item count: 1
Contributing types: Sessions}
{"logTime": "0506/160914", "correlationVector":"czETpiVZaYfDBFSW6wwAIM.1","action":"SyncServerConnectionManagerRequest", "result":"SYNC_SERVER_OK", "context":{"environment":"Prod_SoutheastAsia_000j", "migrationStage":"NotStarted", "server":"general01000008"}}
{"logTime": "0506/160914", "correlationVector":"czETpiVZaYfDBFSW6wwAIM.2","action":"Commit Response", "result":"Success", "context":Result: Success. cV=czETpiVZaYfDBFSW6wwAIM.0;server=general01000008;cloudType=Consumer;environment=Prod_SoutheastAsia_000j;migrationStage=NotStarted}
{"logTime": "0506/160924", "correlationVector":"KSQ7uMGJAPbzq3JwvWdC7e","action":"Commit Request", "result":"", "context":Item count: 1
Contributing types: Preferences}
{"logTime": "0506/160925", "correlationVector":"KSQ7uMGJAPbzq3JwvWdC7e.1","action":"SyncServerConnectionManagerRequest", "result":"SYNC_SERVER_OK", "context":{"environment":"Prod_SoutheastAsia_000j", "migrationStage":"NotStarted", "server":"GENERAL0100000F"}}
{"logTime": "0506/160925", "correlationVector":"KSQ7uMGJAPbzq3JwvWdC7e.2","action":"Commit Response", "result":"Success", "context":Result: Success. cV=KSQ7uMGJAPbzq3JwvWdC7e.0;server=GENERAL0100000F;cloudType=Consumer;environment=Prod_SoutheastAsia_000j;migrationStage=NotStarted}
{"logTime": "0506/161009", "correlationVector":"4jqcJAPv5/ezaj2qhLz3SV","action":"Normal GetUpdate request", "result":"", "context":cV=4jqcJAPv5/ezaj2qhLz3SV
Notified types: Preferences}
{"logTime": "0506/161010", "correlationVector":"4jqcJAPv5/ezaj2qhLz3SV.1","action":"SyncServerConnectionManagerRequest", "result":"SYNC_SERVER_OK", "context":{"environment":"Prod_SoutheastAsia_000j", "migrationStage":"NotStarted", "server":"GENERAL0100000F"}}
{"logTime": "0506/161010", "correlationVector":"4jqcJAPv5/ezaj2qhLz3SV.2","action":"GetUpdates Response", "result":"Success", "context":Received 3 update(s). cV=4jqcJAPv5/ezaj2qhLz3SV.0;server=GENERAL0100000F;cloudType=Consumer;environment=Prod_SoutheastAsia_000j;migrationStage=NotStarted}
{"logTime": "0506/161340", "correlationVector":"bB29ifaEnAPY6WrcMJKlR0","action":"Normal GetUpdate request", "result":"", "context":cV=bB29ifaEnAPY6WrcMJKlR0
Refresh requested types: Bookmarks, Preferences, Passwords, Autofill Profiles, Autofill, Typed URLs, Extensions, Sessions, Extension settings, History Delete Directives, Device Info, User Consents, Send Tab To Self, Web Apps, Collection, Edge E Drop, Edge Hub App Usage, Edge Tab Group, Edge Wallet, Encryption Keys}
{"logTime": "0506/161340", "correlationVector":"bB29ifaEnAPY6WrcMJKlR0.1","action":"SyncServerConnectionManagerRequest", "result":"SYNC_SERVER_OK", "context":{"environment":"Prod_SoutheastAsia_000j", "migrationStage":"NotStarted", "server":"GENERAL01000003"}}
{"logTime": "0506/161340", "correlationVector":"bB29ifaEnAPY6WrcMJKlR0.2","action":"GetUpdates Response", "result":"Success", "context":Received 0 update(s). cV=bB29ifaEnAPY6WrcMJKlR0.0;server=GENERAL01000003;cloudType=Consumer;environment=Prod_SoutheastAsia_000j;migrationStage=NotStarted}
{"logTime": "0506/161451", "correlationVector":"9kQr/ZgmozGt6CNRt7Q96F.1","action":"SyncServerConnectionManagerRequest", "result":"SYNC_SERVER_OK", "context":{"environment":"Prod_SoutheastAsia_000j", "migrationStage":"NotStarted", "server":"GENERAL0300001W"}}
{"logTime": "0506/161451", "correlationVector":"9kQr/ZgmozGt6CNRt7Q96F","action":"Initial GetUpdates", "result":"", "context":Reason: NEW_CLIENT. cV=9kQr/ZgmozGt6CNRt7Q96F}
{"logTime": "0506/161451", "correlationVector":"9kQr/ZgmozGt6CNRt7Q96F.2","action":"GetUpdates Response", "result":"Success", "context":Received 1 update(s). cV=9kQr/ZgmozGt6CNRt7Q96F.0;server=GENERAL0300001W;cloudType=Consumer;environment=Prod_SoutheastAsia_000j;migrationStage=NotStarted}
{"logTime": "0506/161451", "correlationVector":"sLHt6HD6+wDy4uC4Mlz7uB","action":"Initial GetUpdates", "result":"", "context":Reason: NEWLY_SUPPORTED_DATATYPE. cV=sLHt6HD6+wDy4uC4Mlz7uB}
{"logTime": "0506/161451", "correlationVector":"sLHt6HD6+wDy4uC4Mlz7uB.1","action":"SyncServerConnectionManagerRequest", "result":"SYNC_SERVER_OK", "context":{"environment":"Prod_SoutheastAsia_000j", "migrationStage":"NotStarted", "server":"GENERAL03000008"}}
{"logTime": "0506/161451", "correlationVector":"sLHt6HD6+wDy4uC4Mlz7uB.2","action":"GetUpdates", "result":"DeleteReceived", "context":{"id":"92a0752f-68ce-44c6-91c3-b9267e0082b8", "isDeleted:":"true", "version":"1700029753387"}}
{"logTime": "0506/161451", "correlationVector":"sLHt6HD6+wDy4uC4Mlz7uB.3","action":"GetUpdates", "result":"DeleteReceived", "context":{"id":"fcea0be9-9a2c-4c05-b67b-67c542a7e460", "isDeleted:":"true", "version":"1700029759652"}}
{"logTime": "0506/161451", "correlationVector":"sLHt6HD6+wDy4uC4Mlz7uB.4","action":"GetUpdates", "result":"DeleteReceived", "context":{"id":"c743b41f-caa6-4320-bcba-86956a4d1212", "isDeleted:":"true", "version":"1700029761109"}}
{"logTime": "0506/161451", "correlationVector":"sLHt6HD6+wDy4uC4Mlz7uB.5","action":"GetUpdates", "result":"DeleteReceived", "context":{"id":"e3633b5b-8510-45a0-bc1d-88dc5c74fd3e", "isDeleted:":"true", "version":"1701326363547"}}
{"logTime": "0506/161451", "correlationVector":"sLHt6HD6+wDy4uC4Mlz7uB.6","action":"GetUpdates", "result":"DeleteReceived", "context":{"id":"8d797a3d-3624-4542-a212-92578f7be1b5", "isDeleted:":"true", "version":"1702175212514"}}
{"logTime": "0506/161451", "correlationVector":"sLHt6HD6+wDy4uC4Mlz7uB.7","action":"GetUpdates", "result":"DeleteReceived", "context":{"id":"c556f04b-e617-481f-8df6-83173e3cf1a6", "isDeleted:":"true", "version":"1702175212518"}}
{"logTime": "0506/161451", "correlationVector":"sLHt6HD6+wDy4uC4Mlz7uB.8","action":"GetUpdates", "result":"DeleteReceived", "context":{"id":"bfb8de2c-6589-4c0b-b938-872b8ba13d92", "isDeleted:":"true", "version":"1702175212525"}}
{"logTime": "0506/161451", "correlationVector":"sLHt6HD6+wDy4uC4Mlz7uB.9","action":"GetUpdates", "result":"DeleteReceived", "context":{"id":"d1489a84-cbf1-458d-bd3a-086c2f4034aa", "isDeleted:":"true", "version":"1702175212527"}}
{"logTime": "0506/161451", "correlationVector":"sLHt6HD6+wDy4uC4Mlz7uB.10","action":"GetUpdates", "result":"DeleteReceived", "context":{"id":"4f8c2425-f5a4-43c7-9bef-257bbb5f6a6e", "isDeleted:":"true", "version":"1702175212529"}}
{"logTime": "0506/161451", "correlationVector":"sLHt6HD6+wDy4uC4Mlz7uB.11","action":"GetUpdates", "result":"DeleteReceived", "context":{"id":"5b4a4fa9-7ecf-4007-a16b-46fc20a2dbe5", "isDeleted:":"true", "version":"1702175212533"}}
{"logTime": "0506/161451", "correlationVector":"sLHt6HD6+wDy4uC4Mlz7uB.12","action":"GetUpdates", "result":"DeleteReceived", "context":{"id":"57f23929-c829-49a9-b16b-930cd780c1b8", "isDeleted:":"true", "version":"1702175213769"}}
{"logTime": "0506/161451", "correlationVector":"sLHt6HD6+wDy4uC4Mlz7uB.13","action":"GetUpdates", "result":"DeleteReceived", "context":{"id":"932b9ad3-2d19-47d5-b2ae-7b83777427d6", "isDeleted:":"true", "version":"1702175213783"}}
{"logTime": "0506/161451", "correlationVector":"sLHt6HD6+wDy4uC4Mlz7uB.14","action":"GetUpdates", "result":"DeleteReceived", "context":{"id":"79a1e892-277c-4ade-9e23-a3f9b028e290", "isDeleted:":"true", "version":"1702175213784"}}
{"logTime": "0506/161451", "correlationVector":"sLHt6HD6+wDy4uC4Mlz7uB.15","action":"GetUpdates", "result":"DeleteReceived", "context":{"id":"81c8fb61-4130-467c-a491-c811ea368512", "isDeleted:":"true", "version":"1702175213785"}}
{"logTime": "0506/161451", "correlationVector":"sLHt6HD6+wDy4uC4Mlz7uB.16","action":"GetUpdates", "result":"DeleteReceived", "context":{"id":"ef3b203c-f4a5-452c-85ca-d3c1eff72ab7", "isDeleted:":"true", "version":"1702175213786"}}
{"logTime": "0506/161451", "correlationVector":"sLHt6HD6+wDy4uC4Mlz7uB.17","action":"GetUpdates", "result":"DeleteReceived", "context":{"id":"f55897ec-a3fb-4481-8757-5b12711a27fc", "isDeleted:":"true", "version":"1702175214980"}}
{"logTime": "0506/161451", "correlationVector":"sLHt6HD6+wDy4uC4Mlz7uB.18","action":"GetUpdates", "result":"DeleteReceived", "context":{"id":"7ecaa98c-f3a0-4f7d-8f14-d2bbbaa34271", "isDeleted:":"true", "version":"1702175214983"}}
{"logTime": "0506/161451", "correlationVector":"sLHt6HD6+wDy4uC4Mlz7uB.19","action":"GetUpdates", "result":"DeleteReceived", "context":{"id":"e5b663e8-0cdb-4d63-b5a2-4c645348bf76", "isDeleted:":"true", "version":"1702175214984"}}
{"logTime": "0506/161451", "correlationVector":"sLHt6HD6+wDy4uC4Mlz7uB.20","action":"GetUpdates", "result":"DeleteReceived", "context":{"id":"8e4b226f-fbdf-4c8e-a64d-bdc4630611e2", "isDeleted:":"true", "version":"1702175214986"}}
{"logTime": "0506/161451", "correlationVector":"sLHt6HD6+wDy4uC4Mlz7uB.21","action":"GetUpdates", "result":"DeleteReceived", "context":{"id":"7fbe495a-fe0e-4bf0-b10b-18e3ae76dbd3", "isDeleted:":"true", "version":"1702175214990"}}
{"logTime": "0506/161451", "correlationVector":"sLHt6HD6+wDy4uC4Mlz7uB.22","action":"GetUpdates", "result":"DeleteReceived", "context":{"id":"3ad3a728-0041-42e7-a893-523295011453", "isDeleted:":"true", "version":"1702175214996"}}
{"logTime": "0506/161451", "correlationVector":"sLHt6HD6+wDy4uC4Mlz7uB.23","action":"GetUpdates", "result":"DeleteReceived", "context":{"id":"819451d4-8acf-4582-b010-060b80e4d82f", "isDeleted:":"true", "version":"1702175216259"}}
{"logTime": "0506/161451", "correlationVector":"sLHt6HD6+wDy4uC4Mlz7uB.24","action":"GetUpdates", "result":"DeleteReceived", "context":{"id":"89523bc0-8cf1-4a4e-93fe-8e6be43dca91", "isDeleted:":"true", "version":"1702175216261"}}
{"logTime": "0506/161451", "correlationVector":"sLHt6HD6+wDy4uC4Mlz7uB.25","action":"GetUpdates", "result":"DeleteReceived", "context":{"id":"69c9b4be-65e4-43e5-9c1c-be28ba2e15f5", "isDeleted:":"true", "version":"1702175216268"}}
{"logTime": "0506/161451", "correlationVector":"sLHt6HD6+wDy4uC4Mlz7uB.26","action":"GetUpdates", "result":"DeleteReceived", "context":{"id":"a67ba0a0-c6e5-4e4c-b7dd-2e9016a374a4", "isDeleted:":"true", "version":"1702175216269"}}
{"logTime": "0506/161451", "correlationVector":"sLHt6HD6+wDy4uC4Mlz7uB.27","action":"GetUpdates", "result":"DeleteReceived", "context":{"id":"6f2da8d1-edea-4793-831f-a8b5a2ec3bde", "isDeleted:":"true", "version":"1702175216272"}}
{"logTime": "0506/161451", "correlationVector":"sLHt6HD6+wDy4uC4Mlz7uB.28","action":"GetUpdates", "result":"DeleteReceived", "context":{"id":"4606b31c-f399-4b75-939e-c0ed545d12fa", "isDeleted:":"true", "version":"1702175216273"}}
{"logTime": "0506/161451", "correlationVector":"sLHt6HD6+wDy4uC4Mlz7uB.29","action":"GetUpdates", "result":"DeleteReceived", "context":{"id":"579b9629-f2be-4585-adae-f364d7fbbde0", "isDeleted:":"true", "version":"1702175216275"}}
{"logTime": "0506/161451", "correlationVector":"sLHt6HD6+wDy4uC4Mlz7uB.30","action":"GetUpdates", "result":"DeleteReceived", "context":{"id":"1a19df9e-83e9-4059-8e49-839ef8f244e5", "isDeleted:":"true", "version":"1702175217589"}}
{"logTime": "0506/161451", "correlationVector":"sLHt6HD6+wDy4uC4Mlz7uB.31","action":"GetUpdates", "result":"DeleteReceived", "context":{"id":"69d52511-80c2-40bc-9467-a72a7536bfb5", "isDeleted:":"true", "version":"1702175217595"}}
{"logTime": "0506/161451", "correlationVector":"sLHt6HD6+wDy4uC4Mlz7uB.32","action":"GetUpdates", "result":"DeleteReceived", "context":{"id":"67cb1b03-d823-4ae4-bf4f-0fc4257140fb", "isDeleted:":"true", "version":"1702175217598"}}
{"logTime": "0506/161451", "correlationVector":"sLHt6HD6+wDy4uC4Mlz7uB.33","action":"GetUpdates", "result":"DeleteReceived", "context":{"id":"005107df-ccb5-4a69-8e07-dd2f05226bc2", "isDeleted:":"true", "version":"1702175217601"}}
{"logTime": "0506/161451", "correlationVector":"sLHt6HD6+wDy4uC4Mlz7uB.34","action":"GetUpdates", "result":"DeleteReceived", "context":{"id":"5ed888cf-0cef-415b-98ea-220e341a2b92", "isDeleted:":"true", "version":"1702175217606"}}
{"logTime": "0506/161451", "correlationVector":"sLHt6HD6+wDy4uC4Mlz7uB.35","action":"GetUpdates", "result":"DeleteReceived", "context":{"id":"8712c67b-6073-4b23-b7e5-865410699e9f", "isDeleted:":"true", "version":"1702175218896"}}
{"logTime": "0506/161451", "correlationVector":"sLHt6HD6+wDy4uC4Mlz7uB.36","action":"GetUpdates", "result":"DeleteReceived", "context":{"id":"e7f47b1e-bc47-4e9a-b639-5ba451a726ae", "isDeleted:":"true", "version":"1702175218898"}}
{"logTime": "0506/161451", "correlationVector":"sLHt6HD6+wDy4uC4Mlz7uB.37","action":"GetUpdates", "result":"DeleteReceived", "context":{"id":"5cba0c73-8621-4254-93aa-81e463a3a362", "isDeleted:":"true", "version":"1702175218910"}}
{"logTime": "0506/161451", "correlationVector":"sLHt6HD6+wDy4uC4Mlz7uB.38","action":"GetUpdates", "result":"DeleteReceived", "context":{"id":"baa0298c-0491-48ff-b929-19cc3abc2dbb", "isDeleted:":"true", "version":"1702175218913"}}
{"logTime": "0506/161451", "correlationVector":"sLHt6HD6+wDy4uC4Mlz7uB.39","action":"GetUpdates", "result":"DeleteReceived", "context":{"id":"81db49c2-3000-4a3c-aa0a-0f6d6425a14f", "isDeleted:":"true", "version":"1702175220129"}}
{"logTime": "0506/161451", "correlationVector":"sLHt6HD6+wDy4uC4Mlz7uB.40","action":"GetUpdates", "result":"DeleteReceived", "context":{"id":"413fb8e1-770d-4790-a8eb-a08d2f297cc7", "isDeleted:":"true", "version":"1702175220135"}}
{"logTime": "0506/161451", "correlationVector":"sLHt6HD6+wDy4uC4Mlz7uB.41","action":"GetUpdates", "result":"DeleteReceived", "context":{"id":"552d7e77-4e14-40a7-a780-fdded4f85336", "isDeleted:":"true", "version":"1702175220140"}}
{"logTime": "0506/161451", "correlationVector":"sLHt6HD6+wDy4uC4Mlz7uB.42","action":"GetUpdates", "result":"DeleteReceived", "context":{"id":"954b4681-acc4-4ce3-a1b3-2e6c274aeecc", "isDeleted:":"true", "version":"1702175220143"}}
{"logTime": "0506/161451", "correlationVector":"sLHt6HD6+wDy4uC4Mlz7uB.43","action":"GetUpdates", "result":"DeleteReceived", "context":{"id":"30b9a6ea-6461-4787-9d6d-991e85ea80d1", "isDeleted:":"true", "version":"1702175221359"}}
{"logTime": "0506/161451", "correlationVector":"sLHt6HD6+wDy4uC4Mlz7uB.44","action":"GetUpdates", "result":"DeleteReceived", "context":{"id":"2de65b88-a2b5-4201-abfd-da93359caa55", "isDeleted:":"true", "version":"1702175221360"}}
{"logTime": "0506/161451", "correlationVector":"sLHt6HD6+wDy4uC4Mlz7uB.45","action":"GetUpdates", "result":"DeleteReceived", "context":{"id":"41865851-cf6d-4dfd-8736-e8bcc757a480", "isDeleted:":"true", "version":"1702175221361"}}
{"logTime": "0506/161451", "correlationVector":"sLHt6HD6+wDy4uC4Mlz7uB.46","action":"GetUpdates", "result":"DeleteReceived", "context":{"id":"cf7d4a14-a3ff-41dd-a465-1bb14f91bddf", "isDeleted:":"true", "version":"1702175221363"}}
{"logTime": "0506/161451", "correlationVector":"sLHt6HD6+wDy4uC4Mlz7uB.47","action":"GetUpdates", "result":"DeleteReceived", "context":{"id":"e1ab0c42-c0f9-492d-91aa-3db02e64933c", "isDeleted:":"true", "version":"1702175221364"}}
{"logTime": "0506/161451", "correlationVector":"sLHt6HD6+wDy4uC4Mlz7uB.48","action":"GetUpdates", "result":"DeleteReceived", "context":{"id":"a30a37da-f431-43a8-ad92-c311b4fadec6", "isDeleted:":"true", "version":"1702175221366"}}
{"logTime": "0506/161451", "correlationVector":"sLHt6HD6+wDy4uC4Mlz7uB.49","action":"GetUpdates", "result":"DeleteReceived", "context":{"id":"4486e2f7-2fa4-4d2c-9984-7fd2027b0f05", "isDeleted:":"true", "version":"1702175221370"}}
{"logTime": "0506/161451", "correlationVector":"sLHt6HD6+wDy4uC4Mlz7uB.50","action":"GetUpdates", "result":"DeleteReceived", "context":{"id":"345d0d35-c6b9-4d2d-988a-cac04a5963e3", "isDeleted:":"true", "version":"1702175221376"}}
{"logTime": "0506/161451", "correlationVector":"sLHt6HD6+wDy4uC4Mlz7uB.51","action":"GetUpdates", "result":"DeleteReceived", "context":{"id":"be3f426d-aa11-4728-b28d-f0db4575fae8", "isDeleted:":"true", "version":"1702175221377"}}
{"logTime": "0506/161451", "correlationVector":"sLHt6HD6+wDy4uC4Mlz7uB.52","action":"GetUpdates", "result":"DeleteReceived", "context":{"id":"ab7fc4a7-69c2-469b-8eec-daaf48d41447", "isDeleted:":"true", "version":"1702175222702"}}
{"logTime": "0506/161451", "correlationVector":"sLHt6HD6+wDy4uC4Mlz7uB.53","action":"GetUpdates", "result":"DeleteReceived", "context":{"id":"51eee6b3-6e53-4b7e-8fb7-d476fa578858", "isDeleted:":"true", "version":"1702175222712"}}
{"logTime": "0506/161451", "correlationVector":"sLHt6HD6+wDy4uC4Mlz7uB.54","action":"GetUpdates", "result":"DeleteReceived", "context":{"id":"917f0b05-82c0-42e6-a2e5-8ed20dce89c4", "isDeleted:":"true", "version":"1702175222715"}}
{"logTime": "0506/161451", "correlationVector":"sLHt6HD6+wDy4uC4Mlz7uB.55","action":"GetUpdates", "result":"DeleteReceived", "context":{"id":"683d7134-53f4-4b4e-81b7-b82c025ffda7", "isDeleted:":"true", "version":"1702175224017"}}
{"logTime": "0506/161451", "correlationVector":"sLHt6HD6+wDy4uC4Mlz7uB.56","action":"GetUpdates", "result":"DeleteReceived", "context":{"id":"295c30c2-70d8-43f4-a9e0-301096566414", "isDeleted:":"true", "version":"1702175224019"}}
{"logTime": "0506/161451", "correlationVector":"sLHt6HD6+wDy4uC4Mlz7uB.57","action":"GetUpdates", "result":"DeleteReceived", "context":{"id":"e0f96a23-3dae-4d5e-9935-4da5ce782fbe", "isDeleted:":"true", "version":"1702175224022"}}
{"logTime": "0506/161451", "correlationVector":"sLHt6HD6+wDy4uC4Mlz7uB.58","action":"GetUpdates", "result":"DeleteReceived", "context":{"id":"10a3a920-f750-4642-8099-213fd846c5ce", "isDeleted:":"true", "version":"1702175224025"}}
{"logTime": "0506/161451", "correlationVector":"sLHt6HD6+wDy4uC4Mlz7uB.59","action":"GetUpdates", "result":"DeleteReceived", "context":{"id":"5505d176-3288-4fc7-afa3-5f03bd06de9f", "isDeleted:":"true", "version":"1702175224027"}}
{"logTime": "0506/161451", "correlationVector":"sLHt6HD6+wDy4uC4Mlz7uB.60","action":"GetUpdates", "result":"DeleteReceived", "context":{"id":"3b4eb4ba-2ee9-488c-abeb-23aa729e80fd", "isDeleted:":"true", "version":"1702175224028"}}
{"logTime": "0506/161451", "correlationVector":"sLHt6HD6+wDy4uC4Mlz7uB.61","action":"GetUpdates", "result":"DeleteReceived", "context":{"id":"c42ec264-cf4a-446c-b8c6-df615396efde", "isDeleted:":"true", "version":"1702175224029"}}
{"logTime": "0506/161451", "correlationVector":"sLHt6HD6+wDy4uC4Mlz7uB.62","action":"GetUpdates", "result":"DeleteReceived", "context":{"id":"d3cdc340-f07a-45a1-bd6d-d7b8b27a758d", "isDeleted:":"true", "version":"1702175225226"}}
{"logTime": "0506/161451", "correlationVector":"sLHt6HD6+wDy4uC4Mlz7uB.63","action":"GetUpdates", "result":"DeleteReceived", "context":{"id":"29a7c37e-f6d2-4024-92c8-918be0d5df40", "isDeleted:":"true", "version":"1702175225228"}}
{"logTime": "0506/161451", "correlationVector":"sLHt6HD6+wDy4uC4Mlz7uB.64","action":"GetUpdates", "result":"DeleteReceived", "context":{"id":"56b686f5-1a98-400f-81d3-56a578a7da2d", "isDeleted:":"true", "version":"1702175225230"}}
{"logTime": "0506/161451", "correlationVector":"sLHt6HD6+wDy4uC4Mlz7uB.65","action":"GetUpdates", "result":"DeleteReceived", "context":{"id":"35b3cde4-cc05-4805-bba7-441d039fb3d0", "isDeleted:":"true", "version":"1702175225233"}}
{"logTime": "0506/161451", "correlationVector":"sLHt6HD6+wDy4uC4Mlz7uB.66","action":"GetUpdates", "result":"DeleteReceived", "context":{"id":"20270f1e-2a38-4bd1-9fa5-e7ad9e3575a1", "isDeleted:":"true", "version":"1702175225235"}}
{"logTime": "0506/161451", "correlationVector":"sLHt6HD6+wDy4uC4Mlz7uB.67","action":"GetUpdates", "result":"DeleteReceived", "context":{"id":"1ef0580a-e614-4de2-8414-e00b1937bac9", "isDeleted:":"true", "version":"1702175225236"}}
{"logTime": "0506/161451", "correlationVector":"sLHt6HD6+wDy4uC4Mlz7uB.68","action":"GetUpdates", "result":"DeleteReceived", "context":{"id":"7672b2d7-cbed-4d46-982c-f2f8afcfb1e3", "isDeleted:":"true", "version":"1702175225243"}}
{"logTime": "0506/161451", "correlationVector":"sLHt6HD6+wDy4uC4Mlz7uB.69","action":"GetUpdates", "result":"DeleteReceived", "context":{"id":"892eac20-ba9b-4da8-bd2d-82a6d73f2267", "isDeleted:":"true", "version":"1702175226389"}}
{"logTime": "0506/161451", "correlationVector":"sLHt6HD6+wDy4uC4Mlz7uB.70","action":"GetUpdates", "result":"DeleteReceived", "context":{"id":"1a9d999c-5e0d-4b9e-8037-ce5268d57899", "isDeleted:":"true", "version":"1702175226392"}}
{"logTime": "0506/161451", "correlationVector":"sLHt6HD6+wDy4uC4Mlz7uB.71","action":"GetUpdates", "result":"DeleteReceived", "context":{"id":"ce48a22d-616e-411d-8616-641cf0e310fd", "isDeleted:":"true", "version":"1702175226395"}}
{"logTime": "0506/161451", "correlationVector":"sLHt6HD6+wDy4uC4Mlz7uB.72","action":"GetUpdates", "result":"DeleteReceived", "context":{"id":"40b729e2-0dfe-455d-bb69-d98d3f17379f", "isDeleted:":"true", "version":"1702175226396"}}
{"logTime": "0506/161451", "correlationVector":"sLHt6HD6+wDy4uC4Mlz7uB.73","action":"GetUpdates", "result":"DeleteReceived", "context":{"id":"2add71c5-900c-41cd-8fb9-2d9234de10ef", "isDeleted:":"true", "version":"1702175226399"}}
{"logTime": "0506/161451", "correlationVector":"sLHt6HD6+wDy4uC4Mlz7uB.74","action":"GetUpdates", "result":"DeleteReceived", "context":{"id":"e8ab85b1-097a-48f6-b229-f6d1fd9a3e37", "isDeleted:":"true", "version":"1702175226401"}}
{"logTime": "0506/161451", "correlationVector":"sLHt6HD6+wDy4uC4Mlz7uB.75","action":"GetUpdates", "result":"DeleteReceived", "context":{"id":"3d900bbd-e2d3-41af-b1ad-91847300cd48", "isDeleted:":"true", "version":"1702175227525"}}
{"logTime": "0506/161451", "correlationVector":"sLHt6HD6+wDy4uC4Mlz7uB.76","action":"GetUpdates", "result":"DeleteReceived", "context":{"id":"c8f8f548-eda3-4cf9-8dc8-44b953d83027", "isDeleted:":"true", "version":"1702175227528"}}
{"logTime": "0506/161451", "correlationVector":"sLHt6HD6+wDy4uC4Mlz7uB.77","action":"GetUpdates", "result":"DeleteReceived", "context":{"id":"a6cf6aaa-6de8-4ccb-8180-39217ff11c64", "isDeleted:":"true", "version":"1705859351074"}}
{"logTime": "0506/161451", "correlationVector":"sLHt6HD6+wDy4uC4Mlz7uB.78","action":"GetUpdates Response", "result":"Success", "context":Received 250 update(s). cV=sLHt6HD6+wDy4uC4Mlz7uB.0;server=GENERAL03000008;cloudType=Consumer;environment=Prod_SoutheastAsia_000j;migrationStage=NotStarted Some updates remain.}
{"logTime": "0506/161451", "correlationVector":"ILfWvaVH1W7wMdyoNz9nA6","action":"Initial GetUpdates", "result":"", "context":Reason: NEWLY_SUPPORTED_DATATYPE. cV=ILfWvaVH1W7wMdyoNz9nA6}
{"logTime": "0506/161451", "correlationVector":"ILfWvaVH1W7wMdyoNz9nA6.1","action":"SyncServerConnectionManagerRequest", "result":"SYNC_SERVER_OK", "context":{"environment":"Prod_SoutheastAsia_000j", "migrationStage":"NotStarted", "server":"general0100000W"}}
{"logTime": "0506/161451", "correlationVector":"ILfWvaVH1W7wMdyoNz9nA6.2","action":"GetUpdates Response", "result":"Success", "context":Received 62 update(s). cV=ILfWvaVH1W7wMdyoNz9nA6.0;server=general0100000W;cloudType=Consumer;environment=Prod_SoutheastAsia_000j;migrationStage=NotStarted}
{"logTime": "0506/161451", "correlationVector":"sIT9BjFGDFqDQ7UdHRxUPn","action":"SyncServerConnectionManagerRequest", "result":"SYNC_SERVER_OK", "context":{"environment":"", "migrationStage":"", "server":""}}
{"logTime": "0506/161451", "correlationVector":"7JuL6ks3qVJLSdyi6ON0bO","action":"Initial GetUpdates", "result":"", "context":Reason: NEWLY_SUPPORTED_DATATYPE. cV=7JuL6ks3qVJLSdyi6ON0bO}
{"logTime": "0506/161451", "correlationVector":"7JuL6ks3qVJLSdyi6ON0bO.1","action":"SyncServerConnectionManagerRequest", "result":"SYNC_SERVER_OK", "context":{"environment":"Prod_SoutheastAsia_000j", "migrationStage":"NotStarted", "server":"GENERAL0300000Y"}}
{"logTime": "0506/161451", "correlationVector":"7JuL6ks3qVJLSdyi6ON0bO.2","action":"GetUpdates Response", "result":"Success", "context":Received 0 update(s). cV=7JuL6ks3qVJLSdyi6ON0bO.0;server=GENERAL0300000Y;cloudType=Consumer;environment=Prod_SoutheastAsia_000j;migrationStage=NotStarted}
{"logTime": "0506/161451", "correlationVector":"rnPDlAG4KVvh5qTPRrUD6k","action":"Normal GetUpdate request", "result":"", "context":cV=rnPDlAG4KVvh5qTPRrUD6k
Nudged types: Sessions
Refresh requested types: Bookmarks, Preferences, Passwords, Autofill Profiles, Autofill, Typed URLs, Extensions, Sessions, Extension settings, History Delete Directives, Device Info, User Consents, Send Tab To Self, Web Apps, Collection, Edge E Drop, Edge Hub App Usage, Edge Tab Group, Edge Wallet, Encryption Keys}
{"logTime": "0506/161451", "correlationVector":"rnPDlAG4KVvh5qTPRrUD6k.1","action":"SyncServerConnectionManagerRequest", "result":"SYNC_SERVER_OK", "context":{"environment":"Prod_SoutheastAsia_000j", "migrationStage":"NotStarted", "server":"general0100000S"}}
{"logTime": "0506/161451", "correlationVector":"rnPDlAG4KVvh5qTPRrUD6k.2","action":"GetUpdates Response", "result":"Success", "context":Received 0 update(s). cV=rnPDlAG4KVvh5qTPRrUD6k.0;server=general0100000S;cloudType=Consumer;environment=Prod_SoutheastAsia_000j;migrationStage=NotStarted}
{"logTime": "0506/161451", "correlationVector":"tq5PjWF75EFH2QdAvojcMF","action":"Commit Request", "result":"", "context":Item count: 3
Contributing types: Sessions}
{"logTime": "0506/161451", "correlationVector":"tq5PjWF75EFH2QdAvojcMF.1","action":"SyncServerConnectionManagerRequest", "result":"SYNC_SERVER_OK", "context":{"environment":"Prod_SoutheastAsia_000j", "migrationStage":"NotStarted", "server":"general01000011"}}
{"logTime": "0506/161451", "correlationVector":"tq5PjWF75EFH2QdAvojcMF.3","action":"Commit.Sessions", "result":"Success", "context":{"id":"b92af175-a001-4e4f-b8be-e356ac6e16f3", "isDeleted":"true", "size":"0", "version":"1715011753940"}}
{"logTime": "0506/161451", "correlationVector":"tq5PjWF75EFH2QdAvojcMF.2","action":"Commit Response", "result":"Success", "context":Result: Success. cV=tq5PjWF75EFH2QdAvojcMF.0;server=general01000011;cloudType=Consumer;environment=Prod_SoutheastAsia_000j;migrationStage=NotStarted}
{"logTime": "0506/161521", "correlationVector":"M+5+Kg2ZUk43/j/kf7cMln","action":"Normal GetUpdate request", "result":"", "context":cV=M+5+Kg2ZUk43/j/kf7cMln
Nudged types: Sessions}
{"logTime": "0506/161523", "correlationVector":"M+5+Kg2ZUk43/j/kf7cMln.1","action":"SyncServerConnectionManagerRequest", "result":"SYNC_SERVER_OK", "context":{"environment":"Prod_SoutheastAsia_000j", "migrationStage":"NotStarted", "server":"GENERAL0300001X"}}
{"logTime": "0506/161523", "correlationVector":"M+5+Kg2ZUk43/j/kf7cMln.2","action":"GetUpdates", "result":"DeleteReceived", "context":{"id":"b92af175-a001-4e4f-b8be-e356ac6e16f3", "isDeleted:":"true", "version":"1715012091501"}}
{"logTime": "0506/161523", "correlationVector":"M+5+Kg2ZUk43/j/kf7cMln.3","action":"GetUpdates Response", "result":"Success", "context":Received 3 update(s). cV=M+5+Kg2ZUk43/j/kf7cMln.0;server=GENERAL0300001X;cloudType=Consumer;environment=Prod_SoutheastAsia_000j;migrationStage=NotStarted}
{"logTime": "0506/161526", "correlationVector":"V2o7MSSBLpnE7vgAQZX78v","action":"Commit Request", "result":"", "context":Item count: 1
Contributing types: Preferences}
{"logTime": "0506/161528", "correlationVector":"V2o7MSSBLpnE7vgAQZX78v.1","action":"SyncServerConnectionManagerRequest", "result":"SYNC_SERVER_OK", "context":{"environment":"Prod_SoutheastAsia_000j", "migrationStage":"NotStarted", "server":"GENERAL03000004"}}
{"logTime": "0506/161528", "correlationVector":"V2o7MSSBLpnE7vgAQZX78v.2","action":"Commit Response", "result":"Success", "context":Result: Success. cV=V2o7MSSBLpnE7vgAQZX78v.0;server=GENERAL03000004;cloudType=Consumer;environment=Prod_SoutheastAsia_000j;migrationStage=NotStarted}
{"logTime": "0506/161922", "correlationVector":"9VYobdf4gp7mlrlBdARuLL","action":"Normal GetUpdate request", "result":"", "context":cV=9VYobdf4gp7mlrlBdARuLL
Notified types: Preferences}
{"logTime": "0506/161924", "correlationVector":"9VYobdf4gp7mlrlBdARuLL.1","action":"SyncServerConnectionManagerRequest", "result":"SYNC_SERVER_OK", "context":{"environment":"Prod_SoutheastAsia_000j", "migrationStage":"NotStarted", "server":"GENERAL01000018"}}
{"logTime": "0506/161924", "correlationVector":"9VYobdf4gp7mlrlBdARuLL.2","action":"GetUpdates Response", "result":"Success", "context":Received 2 update(s). cV=9VYobdf4gp7mlrlBdARuLL.0;server=GENERAL01000018;cloudType=Consumer;environment=Prod_SoutheastAsia_000j;migrationStage=NotStarted}
{"logTime": "0506/161941", "correlationVector":"Zy1y3sKx30xuieVShrVVuv","action":"Normal GetUpdate request", "result":"", "context":cV=Zy1y3sKx30xuieVShrVVuv
Refresh requested types: Bookmarks, Preferences, Passwords, Autofill Profiles, Autofill, Typed URLs, Extensions, Sessions, Extension settings, History Delete Directives, Device Info, User Consents, Send Tab To Self, Web Apps, Collection, Edge E Drop, Edge Hub App Usage, Edge Tab Group, Edge Wallet, Encryption Keys}
{"logTime": "0506/161941", "correlationVector":"Zy1y3sKx30xuieVShrVVuv.1","action":"SyncServerConnectionManagerRequest", "result":"SYNC_SERVER_OK", "context":{"environment":"Prod_SoutheastAsia_000j", "migrationStage":"NotStarted", "server":"general01000004"}}
{"logTime": "0506/161941", "correlationVector":"Zy1y3sKx30xuieVShrVVuv.2","action":"GetUpdates Response", "result":"Success", "context":Received 0 update(s). cV=Zy1y3sKx30xuieVShrVVuv.0;server=general01000004;cloudType=Consumer;environment=Prod_SoutheastAsia_000j;migrationStage=NotStarted}
{"logTime": "0506/162002", "correlationVector":"FVDeFRgNLNHUQR5qztzyfP","action":"Normal GetUpdate request", "result":"", "context":cV=FVDeFRgNLNHUQR5qztzyfP
Notified types: Preferences}
{"logTime": "0506/162002", "correlationVector":"FVDeFRgNLNHUQR5qztzyfP.1","action":"SyncServerConnectionManagerRequest", "result":"SYNC_SERVER_OK", "context":{"environment":"Prod_SoutheastAsia_000j", "migrationStage":"NotStarted", "server":"GENERAL0100000P"}}
{"logTime": "0506/162003", "correlationVector":"FVDeFRgNLNHUQR5qztzyfP.2","action":"GetUpdates Response", "result":"Success", "context":Received 1 update(s). cV=FVDeFRgNLNHUQR5qztzyfP.0;server=GENERAL0100000P;cloudType=Consumer;environment=Prod_SoutheastAsia_000j;migrationStage=NotStarted}
{"logTime": "0506/162100", "correlationVector":"JVrrJzePiiRGbMKgS06Q4a","action":"Normal GetUpdate request", "result":"", "context":cV=JVrrJzePiiRGbMKgS06Q4a
Notified types: Preferences}
{"logTime": "0506/162100", "correlationVector":"JVrrJzePiiRGbMKgS06Q4a.1","action":"SyncServerConnectionManagerRequest", "result":"SYNC_SERVER_OK", "context":{"environment":"Prod_SoutheastAsia_000j", "migrationStage":"NotStarted", "server":"GENERAL0300000L"}}
{"logTime": "0506/162100", "correlationVector":"JVrrJzePiiRGbMKgS06Q4a.2","action":"GetUpdates Response", "result":"Success", "context":Received 1 update(s). cV=JVrrJzePiiRGbMKgS06Q4a.0;server=GENERAL0300000L;cloudType=Consumer;environment=Prod_SoutheastAsia_000j;migrationStage=NotStarted}
{"logTime": "0506/162532", "correlationVector":"S/Cv1NXyX0IYpNInoWWFLG","action":"Commit Request", "result":"", "context":Item count: 1
Contributing types: Sessions}
{"logTime": "0506/162532", "correlationVector":"S/Cv1NXyX0IYpNInoWWFLG.1","action":"SyncServerConnectionManagerRequest", "result":"SYNC_SERVER_OK", "context":{"environment":"Prod_SoutheastAsia_000j", "migrationStage":"NotStarted", "server":"general01000004"}}
{"logTime": "0506/162532", "correlationVector":"S/Cv1NXyX0IYpNInoWWFLG.2","action":"Commit Response", "result":"Success", "context":Result: Success. cV=S/Cv1NXyX0IYpNInoWWFLG.0;server=general01000004;cloudType=Consumer;environment=Prod_SoutheastAsia_000j;migrationStage=NotStarted}
{"logTime": "0506/163235", "correlationVector":"azfYo34Fmeax+JRkXql68o.1","action":"SyncServerConnectionManagerRequest", "result":"SYNC_SERVER_OK", "context":{"environment":"Prod_SoutheastAsia_000j", "migrationStage":"NotStarted", "server":"GENERAL03000010"}}
{"logTime": "0506/163235", "correlationVector":"azfYo34Fmeax+JRkXql68o","action":"Initial GetUpdates", "result":"", "context":Reason: NEW_CLIENT. cV=azfYo34Fmeax+JRkXql68o}
{"logTime": "0506/163235", "correlationVector":"azfYo34Fmeax+JRkXql68o.2","action":"GetUpdates Response", "result":"Success", "context":Received 1 update(s). cV=azfYo34Fmeax+JRkXql68o.0;server=GENERAL03000010;cloudType=Consumer;environment=Prod_SoutheastAsia_000j;migrationStage=NotStarted}
{"logTime": "0506/163235", "correlationVector":"vzbQgl1UDPwZM0+aRKJZd9","action":"Initial GetUpdates", "result":"", "context":Reason: NEWLY_SUPPORTED_DATATYPE. cV=vzbQgl1UDPwZM0+aRKJZd9}
{"logTime": "0506/163235", "correlationVector":"vzbQgl1UDPwZM0+aRKJZd9.1","action":"SyncServerConnectionManagerRequest", "result":"SYNC_SERVER_OK", "context":{"environment":"Prod_SoutheastAsia_000j", "migrationStage":"NotStarted", "server":"general0100000S"}}
{"logTime": "0506/163235", "correlationVector":"vzbQgl1UDPwZM0+aRKJZd9.2","action":"GetUpdates", "result":"DeleteReceived", "context":{"id":"92a0752f-68ce-44c6-91c3-b9267e0082b8", "isDeleted:":"true", "version":"1700029753387"}}
{"logTime": "0506/163235", "correlationVector":"vzbQgl1UDPwZM0+aRKJZd9.3","action":"GetUpdates", "result":"DeleteReceived", "context":{"id":"fcea0be9-9a2c-4c05-b67b-67c542a7e460", "isDeleted:":"true", "version":"1700029759652"}}
{"logTime": "0506/163235", "correlationVector":"vzbQgl1UDPwZM0+aRKJZd9.4","action":"GetUpdates", "result":"DeleteReceived", "context":{"id":"c743b41f-caa6-4320-bcba-86956a4d1212", "isDeleted:":"true", "version":"1700029761109"}}
{"logTime": "0506/163235", "correlationVector":"vzbQgl1UDPwZM0+aRKJZd9.5","action":"GetUpdates", "result":"DeleteReceived", "context":{"id":"e3633b5b-8510-45a0-bc1d-88dc5c74fd3e", "isDeleted:":"true", "version":"1701326363547"}}
{"logTime": "0506/163235", "correlationVector":"vzbQgl1UDPwZM0+aRKJZd9.6","action":"GetUpdates", "result":"DeleteReceived", "context":{"id":"8d797a3d-3624-4542-a212-92578f7be1b5", "isDeleted:":"true", "version":"1702175212514"}}
{"logTime": "0506/163235", "correlationVector":"vzbQgl1UDPwZM0+aRKJZd9.7","action":"GetUpdates", "result":"DeleteReceived", "context":{"id":"c556f04b-e617-481f-8df6-83173e3cf1a6", "isDeleted:":"true", "version":"1702175212518"}}
{"logTime": "0506/163235", "correlationVector":"vzbQgl1UDPwZM0+aRKJZd9.8","action":"GetUpdates", "result":"DeleteReceived", "context":{"id":"bfb8de2c-6589-4c0b-b938-872b8ba13d92", "isDeleted:":"true", "version":"1702175212525"}}
{"logTime": "0506/163235", "correlationVector":"vzbQgl1UDPwZM0+aRKJZd9.9","action":"GetUpdates", "result":"DeleteReceived", "context":{"id":"d1489a84-cbf1-458d-bd3a-086c2f4034aa", "isDeleted:":"true", "version":"1702175212527"}}
{"logTime": "0506/163235", "correlationVector":"vzbQgl1UDPwZM0+aRKJZd9.10","action":"GetUpdates", "result":"DeleteReceived", "context":{"id":"4f8c2425-f5a4-43c7-9bef-257bbb5f6a6e", "isDeleted:":"true", "version":"1702175212529"}}
{"logTime": "0506/163235", "correlationVector":"vzbQgl1UDPwZM0+aRKJZd9.11","action":"GetUpdates", "result":"DeleteReceived", "context":{"id":"5b4a4fa9-7ecf-4007-a16b-46fc20a2dbe5", "isDeleted:":"true", "version":"1702175212533"}}
{"logTime": "0506/163235", "correlationVector":"vzbQgl1UDPwZM0+aRKJZd9.12","action":"GetUpdates", "result":"DeleteReceived", "context":{"id":"57f23929-c829-49a9-b16b-930cd780c1b8", "isDeleted:":"true", "version":"1702175213769"}}
{"logTime": "0506/163235", "correlationVector":"vzbQgl1UDPwZM0+aRKJZd9.13","action":"GetUpdates", "result":"DeleteReceived", "context":{"id":"932b9ad3-2d19-47d5-b2ae-7b83777427d6", "isDeleted:":"true", "version":"1702175213783"}}
{"logTime": "0506/163235", "correlationVector":"vzbQgl1UDPwZM0+aRKJZd9.14","action":"GetUpdates", "result":"DeleteReceived", "context":{"id":"79a1e892-277c-4ade-9e23-a3f9b028e290", "isDeleted:":"true", "version":"1702175213784"}}
{"logTime": "0506/163235", "correlationVector":"vzbQgl1UDPwZM0+aRKJZd9.15","action":"GetUpdates", "result":"DeleteReceived", "context":{"id":"81c8fb61-4130-467c-a491-c811ea368512", "isDeleted:":"true", "version":"1702175213785"}}
{"logTime": "0506/163235", "correlationVector":"vzbQgl1UDPwZM0+aRKJZd9.16","action":"GetUpdates", "result":"DeleteReceived", "context":{"id":"ef3b203c-f4a5-452c-85ca-d3c1eff72ab7", "isDeleted:":"true", "version":"1702175213786"}}
{"logTime": "0506/163235", "correlationVector":"vzbQgl1UDPwZM0+aRKJZd9.17","action":"GetUpdates", "result":"DeleteReceived", "context":{"id":"f55897ec-a3fb-4481-8757-5b12711a27fc", "isDeleted:":"true", "version":"1702175214980"}}
{"logTime": "0506/163235", "correlationVector":"vzbQgl1UDPwZM0+aRKJZd9.18","action":"GetUpdates", "result":"DeleteReceived", "context":{"id":"7ecaa98c-f3a0-4f7d-8f14-d2bbbaa34271", "isDeleted:":"true", "version":"1702175214983"}}
{"logTime": "0506/163235", "correlationVector":"vzbQgl1UDPwZM0+aRKJZd9.19","action":"GetUpdates", "result":"DeleteReceived", "context":{"id":"e5b663e8-0cdb-4d63-b5a2-4c645348bf76", "isDeleted:":"true", "version":"1702175214984"}}
{"logTime": "0506/163235", "correlationVector":"vzbQgl1UDPwZM0+aRKJZd9.20","action":"GetUpdates", "result":"DeleteReceived", "context":{"id":"8e4b226f-fbdf-4c8e-a64d-bdc4630611e2", "isDeleted:":"true", "version":"1702175214986"}}
{"logTime": "0506/163235", "correlationVector":"vzbQgl1UDPwZM0+aRKJZd9.21","action":"GetUpdates", "result":"DeleteReceived", "context":{"id":"7fbe495a-fe0e-4bf0-b10b-18e3ae76dbd3", "isDeleted:":"true", "version":"1702175214990"}}
{"logTime": "0506/163235", "correlationVector":"vzbQgl1UDPwZM0+aRKJZd9.22","action":"GetUpdates", "result":"DeleteReceived", "context":{"id":"3ad3a728-0041-42e7-a893-523295011453", "isDeleted:":"true", "version":"1702175214996"}}
{"logTime": "0506/163235", "correlationVector":"vzbQgl1UDPwZM0+aRKJZd9.23","action":"GetUpdates", "result":"DeleteReceived", "context":{"id":"819451d4-8acf-4582-b010-060b80e4d82f", "isDeleted:":"true", "version":"1702175216259"}}
{"logTime": "0506/163235", "correlationVector":"vzbQgl1UDPwZM0+aRKJZd9.24","action":"GetUpdates", "result":"DeleteReceived", "context":{"id":"89523bc0-8cf1-4a4e-93fe-8e6be43dca91", "isDeleted:":"true", "version":"1702175216261"}}
{"logTime": "0506/163235", "correlationVector":"vzbQgl1UDPwZM0+aRKJZd9.25","action":"GetUpdates", "result":"DeleteReceived", "context":{"id":"69c9b4be-65e4-43e5-9c1c-be28ba2e15f5", "isDeleted:":"true", "version":"1702175216268"}}
{"logTime": "0506/163235", "correlationVector":"vzbQgl1UDPwZM0+aRKJZd9.26","action":"GetUpdates", "result":"DeleteReceived", "context":{"id":"a67ba0a0-c6e5-4e4c-b7dd-2e9016a374a4", "isDeleted:":"true", "version":"1702175216269"}}
{"logTime": "0506/163235", "correlationVector":"vzbQgl1UDPwZM0+aRKJZd9.27","action":"GetUpdates", "result":"DeleteReceived", "context":{"id":"6f2da8d1-edea-4793-831f-a8b5a2ec3bde", "isDeleted:":"true", "version":"1702175216272"}}
{"logTime": "0506/163235", "correlationVector":"vzbQgl1UDPwZM0+aRKJZd9.28","action":"GetUpdates", "result":"DeleteReceived", "context":{"id":"4606b31c-f399-4b75-939e-c0ed545d12fa", "isDeleted:":"true", "version":"1702175216273"}}
{"logTime": "0506/163235", "correlationVector":"vzbQgl1UDPwZM0+aRKJZd9.29","action":"GetUpdates", "result":"DeleteReceived", "context":{"id":"579b9629-f2be-4585-adae-f364d7fbbde0", "isDeleted:":"true", "version":"1702175216275"}}
{"logTime": "0506/163235", "correlationVector":"vzbQgl1UDPwZM0+aRKJZd9.30","action":"GetUpdates", "result":"DeleteReceived", "context":{"id":"1a19df9e-83e9-4059-8e49-839ef8f244e5", "isDeleted:":"true", "version":"1702175217589"}}
{"logTime": "0506/163235", "correlationVector":"vzbQgl1UDPwZM0+aRKJZd9.31","action":"GetUpdates", "result":"DeleteReceived", "context":{"id":"69d52511-80c2-40bc-9467-a72a7536bfb5", "isDeleted:":"true", "version":"1702175217595"}}
{"logTime": "0506/163235", "correlationVector":"vzbQgl1UDPwZM0+aRKJZd9.32","action":"GetUpdates", "result":"DeleteReceived", "context":{"id":"67cb1b03-d823-4ae4-bf4f-0fc4257140fb", "isDeleted:":"true", "version":"1702175217598"}}
{"logTime": "0506/163235", "correlationVector":"vzbQgl1UDPwZM0+aRKJZd9.33","action":"GetUpdates", "result":"DeleteReceived", "context":{"id":"005107df-ccb5-4a69-8e07-dd2f05226bc2", "isDeleted:":"true", "version":"1702175217601"}}
{"logTime": "0506/163235", "correlationVector":"vzbQgl1UDPwZM0+aRKJZd9.34","action":"GetUpdates", "result":"DeleteReceived", "context":{"id":"5ed888cf-0cef-415b-98ea-220e341a2b92", "isDeleted:":"true", "version":"1702175217606"}}
{"logTime": "0506/163235", "correlationVector":"vzbQgl1UDPwZM0+aRKJZd9.35","action":"GetUpdates", "result":"DeleteReceived", "context":{"id":"8712c67b-6073-4b23-b7e5-865410699e9f", "isDeleted:":"true", "version":"1702175218896"}}
{"logTime": "0506/163235", "correlationVector":"vzbQgl1UDPwZM0+aRKJZd9.36","action":"GetUpdates", "result":"DeleteReceived", "context":{"id":"e7f47b1e-bc47-4e9a-b639-5ba451a726ae", "isDeleted:":"true", "version":"1702175218898"}}
{"logTime": "0506/163235", "correlationVector":"vzbQgl1UDPwZM0+aRKJZd9.37","action":"GetUpdates", "result":"DeleteReceived", "context":{"id":"5cba0c73-8621-4254-93aa-81e463a3a362", "isDeleted:":"true", "version":"1702175218910"}}
{"logTime": "0506/163235", "correlationVector":"vzbQgl1UDPwZM0+aRKJZd9.38","action":"GetUpdates", "result":"DeleteReceived", "context":{"id":"baa0298c-0491-48ff-b929-19cc3abc2dbb", "isDeleted:":"true", "version":"1702175218913"}}
{"logTime": "0506/163235", "correlationVector":"vzbQgl1UDPwZM0+aRKJZd9.39","action":"GetUpdates", "result":"DeleteReceived", "context":{"id":"81db49c2-3000-4a3c-aa0a-0f6d6425a14f", "isDeleted:":"true", "version":"1702175220129"}}
{"logTime": "0506/163235", "correlationVector":"vzbQgl1UDPwZM0+aRKJZd9.40","action":"GetUpdates", "result":"DeleteReceived", "context":{"id":"413fb8e1-770d-4790-a8eb-a08d2f297cc7", "isDeleted:":"true", "version":"1702175220135"}}
{"logTime": "0506/163235", "correlationVector":"vzbQgl1UDPwZM0+aRKJZd9.41","action":"GetUpdates", "result":"DeleteReceived", "context":{"id":"552d7e77-4e14-40a7-a780-fdded4f85336", "isDeleted:":"true", "version":"1702175220140"}}
{"logTime": "0506/163235", "correlationVector":"vzbQgl1UDPwZM0+aRKJZd9.42","action":"GetUpdates", "result":"DeleteReceived", "context":{"id":"954b4681-acc4-4ce3-a1b3-2e6c274aeecc", "isDeleted:":"true", "version":"1702175220143"}}
{"logTime": "0506/163235", "correlationVector":"vzbQgl1UDPwZM0+aRKJZd9.43","action":"GetUpdates", "result":"DeleteReceived", "context":{"id":"30b9a6ea-6461-4787-9d6d-991e85ea80d1", "isDeleted:":"true", "version":"1702175221359"}}
{"logTime": "0506/163235", "correlationVector":"vzbQgl1UDPwZM0+aRKJZd9.44","action":"GetUpdates", "result":"DeleteReceived", "context":{"id":"2de65b88-a2b5-4201-abfd-da93359caa55", "isDeleted:":"true", "version":"1702175221360"}}
{"logTime": "0506/163235", "correlationVector":"vzbQgl1UDPwZM0+aRKJZd9.45","action":"GetUpdates", "result":"DeleteReceived", "context":{"id":"41865851-cf6d-4dfd-8736-e8bcc757a480", "isDeleted:":"true", "version":"1702175221361"}}
{"logTime": "0506/163235", "correlationVector":"vzbQgl1UDPwZM0+aRKJZd9.46","action":"GetUpdates", "result":"DeleteReceived", "context":{"id":"cf7d4a14-a3ff-41dd-a465-1bb14f91bddf", "isDeleted:":"true", "version":"1702175221363"}}
{"logTime": "0506/163235", "correlationVector":"vzbQgl1UDPwZM0+aRKJZd9.47","action":"GetUpdates", "result":"DeleteReceived", "context":{"id":"e1ab0c42-c0f9-492d-91aa-3db02e64933c", "isDeleted:":"true", "version":"1702175221364"}}
{"logTime": "0506/163235", "correlationVector":"vzbQgl1UDPwZM0+aRKJZd9.48","action":"GetUpdates", "result":"DeleteReceived", "context":{"id":"a30a37da-f431-43a8-ad92-c311b4fadec6", "isDeleted:":"true", "version":"1702175221366"}}
{"logTime": "0506/163235", "correlationVector":"vzbQgl1UDPwZM0+aRKJZd9.49","action":"GetUpdates", "result":"DeleteReceived", "context":{"id":"4486e2f7-2fa4-4d2c-9984-7fd2027b0f05", "isDeleted:":"true", "version":"1702175221370"}}
{"logTime": "0506/163235", "correlationVector":"vzbQgl1UDPwZM0+aRKJZd9.50","action":"GetUpdates", "result":"DeleteReceived", "context":{"id":"345d0d35-c6b9-4d2d-988a-cac04a5963e3", "isDeleted:":"true", "version":"1702175221376"}}
{"logTime": "0506/163235", "correlationVector":"vzbQgl1UDPwZM0+aRKJZd9.51","action":"GetUpdates", "result":"DeleteReceived", "context":{"id":"be3f426d-aa11-4728-b28d-f0db4575fae8", "isDeleted:":"true", "version":"1702175221377"}}
{"logTime": "0506/163235", "correlationVector":"vzbQgl1UDPwZM0+aRKJZd9.52","action":"GetUpdates", "result":"DeleteReceived", "context":{"id":"ab7fc4a7-69c2-469b-8eec-daaf48d41447", "isDeleted:":"true", "version":"1702175222702"}}
{"logTime": "0506/163235", "correlationVector":"vzbQgl1UDPwZM0+aRKJZd9.53","action":"GetUpdates", "result":"DeleteReceived", "context":{"id":"51eee6b3-6e53-4b7e-8fb7-d476fa578858", "isDeleted:":"true", "version":"1702175222712"}}
{"logTime": "0506/163235", "correlationVector":"vzbQgl1UDPwZM0+aRKJZd9.54","action":"GetUpdates", "result":"DeleteReceived", "context":{"id":"917f0b05-82c0-42e6-a2e5-8ed20dce89c4", "isDeleted:":"true", "version":"1702175222715"}}
{"logTime": "0506/163235", "correlationVector":"vzbQgl1UDPwZM0+aRKJZd9.55","action":"GetUpdates", "result":"DeleteReceived", "context":{"id":"683d7134-53f4-4b4e-81b7-b82c025ffda7", "isDeleted:":"true", "version":"1702175224017"}}
{"logTime": "0506/163235", "correlationVector":"vzbQgl1UDPwZM0+aRKJZd9.56","action":"GetUpdates", "result":"DeleteReceived", "context":{"id":"295c30c2-70d8-43f4-a9e0-301096566414", "isDeleted:":"true", "version":"1702175224019"}}
{"logTime": "0506/163235", "correlationVector":"vzbQgl1UDPwZM0+aRKJZd9.57","action":"GetUpdates", "result":"DeleteReceived", "context":{"id":"e0f96a23-3dae-4d5e-9935-4da5ce782fbe", "isDeleted:":"true", "version":"1702175224022"}}
{"logTime": "0506/163235", "correlationVector":"vzbQgl1UDPwZM0+aRKJZd9.58","action":"GetUpdates", "result":"DeleteReceived", "context":{"id":"10a3a920-f750-4642-8099-213fd846c5ce", "isDeleted:":"true", "version":"1702175224025"}}
{"logTime": "0506/163235", "correlationVector":"vzbQgl1UDPwZM0+aRKJZd9.59","action":"GetUpdates", "result":"DeleteReceived", "context":{"id":"5505d176-3288-4fc7-afa3-5f03bd06de9f", "isDeleted:":"true", "version":"1702175224027"}}
{"logTime": "0506/163235", "correlationVector":"vzbQgl1UDPwZM0+aRKJZd9.60","action":"GetUpdates", "result":"DeleteReceived", "context":{"id":"3b4eb4ba-2ee9-488c-abeb-23aa729e80fd", "isDeleted:":"true", "version":"1702175224028"}}
{"logTime": "0506/163235", "correlationVector":"vzbQgl1UDPwZM0+aRKJZd9.61","action":"GetUpdates", "result":"DeleteReceived", "context":{"id":"c42ec264-cf4a-446c-b8c6-df615396efde", "isDeleted:":"true", "version":"1702175224029"}}
{"logTime": "0506/163235", "correlationVector":"vzbQgl1UDPwZM0+aRKJZd9.62","action":"GetUpdates", "result":"DeleteReceived", "context":{"id":"d3cdc340-f07a-45a1-bd6d-d7b8b27a758d", "isDeleted:":"true", "version":"1702175225226"}}
{"logTime": "0506/163235", "correlationVector":"vzbQgl1UDPwZM0+aRKJZd9.63","action":"GetUpdates", "result":"DeleteReceived", "context":{"id":"29a7c37e-f6d2-4024-92c8-918be0d5df40", "isDeleted:":"true", "version":"1702175225228"}}
{"logTime": "0506/163235", "correlationVector":"vzbQgl1UDPwZM0+aRKJZd9.64","action":"GetUpdates", "result":"DeleteReceived", "context":{"id":"56b686f5-1a98-400f-81d3-56a578a7da2d", "isDeleted:":"true", "version":"1702175225230"}}
{"logTime": "0506/163235", "correlationVector":"vzbQgl1UDPwZM0+aRKJZd9.65","action":"GetUpdates", "result":"DeleteReceived", "context":{"id":"35b3cde4-cc05-4805-bba7-441d039fb3d0", "isDeleted:":"true", "version":"1702175225233"}}
{"logTime": "0506/163235", "correlationVector":"vzbQgl1UDPwZM0+aRKJZd9.66","action":"GetUpdates", "result":"DeleteReceived", "context":{"id":"20270f1e-2a38-4bd1-9fa5-e7ad9e3575a1", "isDeleted:":"true", "version":"1702175225235"}}
{"logTime": "0506/163235", "correlationVector":"vzbQgl1UDPwZM0+aRKJZd9.67","action":"GetUpdates", "result":"DeleteReceived", "context":{"id":"1ef0580a-e614-4de2-8414-e00b1937bac9", "isDeleted:":"true", "version":"1702175225236"}}
{"logTime": "0506/163235", "correlationVector":"vzbQgl1UDPwZM0+aRKJZd9.68","action":"GetUpdates", "result":"DeleteReceived", "context":{"id":"7672b2d7-cbed-4d46-982c-f2f8afcfb1e3", "isDeleted:":"true", "version":"1702175225243"}}
{"logTime": "0506/163235", "correlationVector":"vzbQgl1UDPwZM0+aRKJZd9.69","action":"GetUpdates", "result":"DeleteReceived", "context":{"id":"892eac20-ba9b-4da8-bd2d-82a6d73f2267", "isDeleted:":"true", "version":"1702175226389"}}
{"logTime": "0506/163235", "correlationVector":"vzbQgl1UDPwZM0+aRKJZd9.70","action":"GetUpdates", "result":"DeleteReceived", "context":{"id":"1a9d999c-5e0d-4b9e-8037-ce5268d57899", "isDeleted:":"true", "version":"1702175226392"}}
{"logTime": "0506/163235", "correlationVector":"vzbQgl1UDPwZM0+aRKJZd9.71","action":"GetUpdates", "result":"DeleteReceived", "context":{"id":"ce48a22d-616e-411d-8616-641cf0e310fd", "isDeleted:":"true", "version":"1702175226395"}}
{"logTime": "0506/163235", "correlationVector":"vzbQgl1UDPwZM0+aRKJZd9.72","action":"GetUpdates", "result":"DeleteReceived", "context":{"id":"40b729e2-0dfe-455d-bb69-d98d3f17379f", "isDeleted:":"true", "version":"1702175226396"}}
{"logTime": "0506/163235", "correlationVector":"vzbQgl1UDPwZM0+aRKJZd9.73","action":"GetUpdates", "result":"DeleteReceived", "context":{"id":"2add71c5-900c-41cd-8fb9-2d9234de10ef", "isDeleted:":"true", "version":"1702175226399"}}
{"logTime": "0506/163235", "correlationVector":"vzbQgl1UDPwZM0+aRKJZd9.74","action":"GetUpdates", "result":"DeleteReceived", "context":{"id":"e8ab85b1-097a-48f6-b229-f6d1fd9a3e37", "isDeleted:":"true", "version":"1702175226401"}}
{"logTime": "0506/163235", "correlationVector":"vzbQgl1UDPwZM0+aRKJZd9.75","action":"GetUpdates", "result":"DeleteReceived", "context":{"id":"3d900bbd-e2d3-41af-b1ad-91847300cd48", "isDeleted:":"true", "version":"1702175227525"}}
{"logTime": "0506/163235", "correlationVector":"vzbQgl1UDPwZM0+aRKJZd9.76","action":"GetUpdates", "result":"DeleteReceived", "context":{"id":"c8f8f548-eda3-4cf9-8dc8-44b953d83027", "isDeleted:":"true", "version":"1702175227528"}}
{"logTime": "0506/163235", "correlationVector":"vzbQgl1UDPwZM0+aRKJZd9.77","action":"GetUpdates", "result":"DeleteReceived", "context":{"id":"a6cf6aaa-6de8-4ccb-8180-39217ff11c64", "isDeleted:":"true", "version":"1705859351074"}}
{"logTime": "0506/163235", "correlationVector":"vzbQgl1UDPwZM0+aRKJZd9.78","action":"GetUpdates Response", "result":"Success", "context":Received 250 update(s). cV=vzbQgl1UDPwZM0+aRKJZd9.0;server=general0100000S;cloudType=Consumer;environment=Prod_SoutheastAsia_000j;migrationStage=NotStarted Some updates remain.}
{"logTime": "0506/163235", "correlationVector":"2gSPd2A+pddQ5pr3tCBshy","action":"Initial GetUpdates", "result":"", "context":Reason: NEWLY_SUPPORTED_DATATYPE. cV=2gSPd2A+pddQ5pr3tCBshy}
{"logTime": "0506/163235", "correlationVector":"2gSPd2A+pddQ5pr3tCBshy.1","action":"SyncServerConnectionManagerRequest", "result":"SYNC_SERVER_OK", "context":{"environment":"Prod_SoutheastAsia_000j", "migrationStage":"NotStarted", "server":"GENERAL0300001X"}}
{"logTime": "0506/163235", "correlationVector":"2gSPd2A+pddQ5pr3tCBshy.2","action":"GetUpdates Response", "result":"Success", "context":Received 62 update(s). cV=2gSPd2A+pddQ5pr3tCBshy.0;server=GENERAL0300001X;cloudType=Consumer;environment=Prod_SoutheastAsia_000j;migrationStage=NotStarted}
{"logTime": "0506/163235", "correlationVector":"0EwRXxkh+GCozekKXwrGq2","action":"Initial GetUpdates", "result":"", "context":Reason: NEWLY_SUPPORTED_DATATYPE. cV=0EwRXxkh+GCozekKXwrGq2}
{"logTime": "0506/163235", "correlationVector":"0EwRXxkh+GCozekKXwrGq2.1","action":"SyncServerConnectionManagerRequest", "result":"SYNC_SERVER_OK", "context":{"environment":"Prod_SoutheastAsia_000j", "migrationStage":"NotStarted", "server":"GENERAL0300001X"}}
{"logTime": "0506/163235", "correlationVector":"0EwRXxkh+GCozekKXwrGq2.2","action":"GetUpdates Response", "result":"Success", "context":Received 0 update(s). cV=0EwRXxkh+GCozekKXwrGq2.0;server=GENERAL0300001X;cloudType=Consumer;environment=Prod_SoutheastAsia_000j;migrationStage=NotStarted}
{"logTime": "0506/163235", "correlationVector":"3gETHrz3fSuvdDlAAiDJTN","action":"Normal GetUpdate request", "result":"", "context":cV=3gETHrz3fSuvdDlAAiDJTN
Nudged types: Sessions
Refresh requested types: Bookmarks, Preferences, Passwords, Autofill Profiles, Autofill, Typed URLs, Extensions, Sessions, Extension settings, History Delete Directives, Device Info, User Consents, Send Tab To Self, Web Apps, Collection, Edge E Drop, Edge Hub App Usage, Edge Tab Group, Edge Wallet, Encryption Keys}
{"logTime": "0506/163235", "correlationVector":"3gETHrz3fSuvdDlAAiDJTN.1","action":"SyncServerConnectionManagerRequest", "result":"SYNC_SERVER_OK", "context":{"environment":"Prod_SoutheastAsia_000j", "migrationStage":"NotStarted", "server":"general01000004"}}
{"logTime": "0506/163235", "correlationVector":"3gETHrz3fSuvdDlAAiDJTN.2","action":"GetUpdates Response", "result":"Success", "context":Received 1 update(s). cV=3gETHrz3fSuvdDlAAiDJTN.0;server=general01000004;cloudType=Consumer;environment=Prod_SoutheastAsia_000j;migrationStage=NotStarted}
{"logTime": "0506/163235", "correlationVector":"rf5ULHgYtfBSPq8AtSzMPT","action":"Commit Request", "result":"", "context":Item count: 3
Contributing types: Sessions}
{"logTime": "0506/163235", "correlationVector":"rf5ULHgYtfBSPq8AtSzMPT.1","action":"SyncServerConnectionManagerRequest", "result":"SYNC_SERVER_OK", "context":{"environment":"Prod_SoutheastAsia_000j", "migrationStage":"NotStarted", "server":"GENERAL01000014"}}
{"logTime": "0506/163235", "correlationVector":"rf5ULHgYtfBSPq8AtSzMPT.2","action":"Commit Response", "result":"Success", "context":Result: Success. cV=rf5ULHgYtfBSPq8AtSzMPT.0;server=GENERAL01000014;cloudType=Consumer;environment=Prod_SoutheastAsia_000j;migrationStage=NotStarted}
{"logTime": "0506/163235", "correlationVector":"rf5ULHgYtfBSPq8AtSzMPT.3","action":"Commit.Sessions", "result":"Success", "context":{"id":"9b97c72a-e91c-4c66-8fc8-494f64f0fc5e", "isDeleted":"true", "size":"0", "version":"1715012732384"}}
